TN:
SF:src/agent/agent.ts
FNF:9
FNH:7
DA:1,42
DA:2,23
DA:3,48
DA:4,36
DA:5,45
DA:6,49
DA:7,47
DA:8,35
DA:10,45
DA:11,15
DA:12,12
DA:13,21
DA:14,39
DA:15,83
DA:16,25
DA:17,32
DA:18,39
DA:19,28
DA:20,30
DA:21,52
DA:22,42
DA:23,7
DA:24,9
DA:25,14
DA:26,26
DA:27,26
DA:28,3
DA:29,15
DA:30,34
DA:31,45
DA:32,40
DA:33,3
DA:34,10
DA:35,14
DA:36,5
DA:39,38
DA:40,35
DA:41,41
DA:42,33
DA:43,20
DA:44,15
DA:45,18
DA:46,8
DA:47,21
DA:48,6
DA:49,91
DA:51,45
DA:52,7
DA:53,19
DA:54,18
DA:55,21
DA:56,3
DA:57,20
DA:58,6
DA:60,22
DA:61,18
DA:62,24
DA:63,13
DA:64,290
DA:65,18
DA:66,26
DA:67,30
DA:68,20
DA:69,10
DA:70,20
DA:71,36
DA:72,25
DA:73,19
DA:74,8
DA:75,16
DA:76,22
DA:77,35
DA:78,20
DA:79,36
DA:80,24
DA:81,19
DA:82,8
DA:83,15
DA:84,21
DA:85,20
DA:86,35
DA:87,21
DA:88,20
DA:89,10
DA:90,24
DA:91,19
DA:92,8
DA:93,23
DA:94,29
DA:95,115
DA:96,35
DA:97,20
DA:98,36
DA:99,25
DA:100,19
DA:101,5
DA:102,6
DA:103,66
DA:104,18
DA:105,0
DA:106,0
DA:107,6
DA:108,29
DA:109,17
DA:110,32
DA:111,20
DA:112,22
DA:113,38
DA:114,22
DA:115,20
DA:116,22
DA:117,7
DA:118,112
DA:119,27
DA:120,24
DA:121,11
DA:122,8
DA:123,62
DA:124,44
DA:125,17
DA:126,0
DA:127,0
DA:128,0
DA:129,6
DA:130,25
DA:131,24
DA:132,16
DA:133,8
DA:134,59
DA:135,37
DA:136,31
DA:137,38
DA:139,38
DA:141,33
DA:142,0
DA:143,4
DA:144,4
DA:145,14
DA:146,3
DA:148,29
DA:149,37
DA:152,0
DA:153,2
DA:156,0
DA:157,0
DA:158,0
DA:159,0
DA:160,0
DA:161,0
DA:162,0
DA:163,0
DA:164,0
DA:165,0
DA:166,0
DA:167,0
DA:168,0
DA:169,0
DA:170,0
DA:171,0
DA:172,0
DA:173,0
DA:174,0
DA:175,0
DA:176,0
DA:177,0
DA:178,0
DA:179,0
DA:180,0
DA:181,0
DA:182,0
DA:183,2
DA:187,40
DA:188,75
DA:189,17
DA:190,21
DA:191,43
DA:192,22
DA:193,22
DA:194,6
DA:195,4
DA:197,43
DA:198,23
DA:199,9
DA:200,16
DA:201,3
DA:202,11
DA:203,6
DA:204,2
DA:205,2
DA:207,20
DA:208,33
DA:209,41
DA:210,38
DA:211,4
DA:213,13
LF:215
LH:161
end_of_record
TN:
SF:src/auth/index.ts
FNF:7
FNH:3
DA:1,29
DA:2,35
DA:3,34
DA:4,23
DA:6,42
DA:7,15
DA:8,12
DA:9,29
DA:10,24
DA:11,23
DA:12,21
DA:13,3
DA:14,25
DA:16,13
DA:17,12
DA:18,27
DA:19,17
DA:20,3
DA:21,27
DA:23,19
DA:24,12
DA:25,33
DA:26,20
DA:27,19
DA:28,3
DA:29,33
DA:31,105
DA:34,59
DA:36,0
DA:37,0
DA:38,0
DA:39,0
DA:40,0
DA:41,2
DA:44,23
DA:45,36
DA:46,28
DA:49,0
DA:50,0
DA:51,0
DA:52,0
DA:53,2
DA:56,0
DA:57,0
DA:58,0
DA:59,0
DA:60,0
DA:61,2
LF:64
LH:34
end_of_record
TN:
SF:src/bun/index.ts
FNF:4
FNH:2
DA:1,23
DA:2,35
DA:3,34
DA:4,29
DA:5,43
DA:6,45
DA:8,51
DA:9,44
DA:11,0
DA:12,0
DA:13,0
DA:14,0
DA:15,0
DA:16,0
DA:17,0
DA:18,0
DA:19,0
DA:20,0
DA:21,0
DA:22,0
DA:23,0
DA:24,0
DA:25,0
DA:26,0
DA:27,0
DA:28,0
DA:29,0
DA:30,0
DA:31,0
DA:32,0
DA:33,0
DA:34,0
DA:35,0
DA:36,0
DA:37,0
DA:38,0
DA:39,0
DA:40,0
DA:41,0
DA:42,0
DA:43,0
DA:44,0
DA:45,2
DA:48,32
DA:49,25
DA:52,47
DA:53,25
DA:54,14
DA:55,20
DA:56,21
DA:57,2
DA:58,3
DA:60,0
DA:61,0
DA:62,0
DA:63,0
DA:64,0
DA:65,0
DA:66,0
DA:67,0
DA:68,0
DA:69,0
DA:70,0
DA:71,0
DA:72,0
DA:73,0
DA:74,0
DA:75,0
DA:76,0
DA:77,0
DA:78,0
DA:79,0
DA:80,0
DA:81,0
DA:82,0
DA:83,0
DA:84,0
DA:85,0
DA:86,0
DA:87,0
DA:88,0
DA:89,0
DA:90,0
DA:91,2
LF:94
LH:19
end_of_record
TN:
SF:src/bus/index.ts
FNF:10
FNH:5
DA:1,23
DA:3,34
DA:4,47
DA:6,39
DA:7,45
DA:10,39
DA:11,34
DA:13,14
DA:14,17
DA:15,1
DA:16,4
DA:20,26
DA:22,43
DA:23,22
DA:24,11
DA:25,14
DA:26,6
DA:27,31
DA:28,15
DA:31,0
DA:32,0
DA:33,0
DA:34,0
DA:35,0
DA:36,0
DA:37,0
DA:38,0
DA:39,0
DA:40,0
DA:41,0
DA:42,0
DA:43,0
DA:44,0
DA:45,0
DA:46,0
DA:47,2
DA:50,24
DA:51,5
DA:52,11
DA:53,5
DA:54,23
DA:55,21
DA:56,14
DA:57,6
DA:58,30
DA:59,18
DA:60,7
DA:61,23
DA:62,41
DA:63,51
DA:64,30
DA:65,0
DA:66,4
DA:67,4
DA:68,30
DA:71,0
DA:72,0
DA:73,0
DA:74,0
DA:75,2
DA:78,0
DA:79,0
DA:80,0
DA:81,0
DA:82,0
DA:83,0
DA:84,0
DA:85,0
DA:86,0
DA:87,2
DA:90,0
DA:91,2
DA:94,0
DA:95,0
DA:96,0
DA:97,0
DA:98,0
DA:99,0
DA:100,0
DA:101,0
DA:102,0
DA:103,0
DA:104,0
DA:105,0
DA:106,0
DA:107,3
LF:111
LH:42
end_of_record
TN:
SF:src/command/index.ts
FNF:4
FNH:1
DA:1,23
DA:2,42
DA:3,47
DA:5,51
DA:6,17
DA:7,12
DA:8,21
DA:9,39
DA:10,33
DA:11,33
DA:12,25
DA:13,33
DA:14,3
DA:15,10
DA:16,16
DA:17,5
DA:20,0
DA:21,0
DA:22,0
DA:23,0
DA:24,0
DA:25,0
DA:26,0
DA:27,0
DA:28,0
DA:29,0
DA:30,0
DA:31,0
DA:32,0
DA:33,0
DA:34,0
DA:35,0
DA:37,3
DA:39,0
DA:40,2
DA:43,0
DA:44,2
LF:47
LH:19
end_of_record
TN:
SF:src/config/config.ts
FNF:42
FNH:37
DA:1,34
DA:2,29
DA:3,25
DA:4,23
DA:5,48
DA:6,47
DA:7,41
DA:8,35
DA:9,34
DA:10,36
DA:11,43
DA:12,33
DA:13,36
DA:14,31
DA:15,72
DA:16,47
DA:17,42
DA:18,32
DA:19,46
DA:21,48
DA:22,48
DA:24,39
DA:25,34
DA:26,39
DA:27,62
DA:28,89
DA:29,51
DA:30,59
DA:31,4
DA:32,4
DA:35,25
DA:36,0
DA:37,0
DA:38,4
DA:40,33
DA:41,0
DA:42,0
DA:43,4
DA:45,55
DA:46,31
DA:47,0
DA:48,0
DA:49,0
DA:50,4
DA:51,4
DA:53,38
DA:54,36
DA:55,40
DA:57,27
DA:58,25
DA:59,25
DA:60,93
DA:61,5
DA:62,6
DA:64,37
DA:65,29
DA:66,31
DA:67,79
DA:68,67
DA:69,66
DA:70,49
DA:71,4
DA:74,62
DA:75,55
DA:76,21
DA:77,15
DA:78,23
DA:79,7
DA:80,7
DA:81,4
DA:83,29
DA:84,0
DA:85,4
DA:87,70
DA:90,54
DA:91,26
DA:92,4
DA:93,71
DA:94,0
DA:95,4
DA:98,47
DA:99,0
DA:100,4
DA:101,71
DA:102,0
DA:103,4
DA:104,66
DA:105,0
DA:106,4
DA:107,82
DA:108,0
DA:109,4
DA:110,66
DA:111,0
DA:112,4
DA:113,82
DA:114,0
DA:115,4
DA:117,14
DA:118,21
DA:119,15
DA:120,2
DA:121,4
DA:123,97
DA:124,10
DA:125,38
DA:126,25
DA:127,23
DA:128,12
DA:129,2
DA:130,6
DA:131,27
DA:132,0
DA:133,0
DA:134,0
DA:135,0
DA:136,0
DA:137,4
DA:140,10
DA:141,36
DA:142,0
DA:143,0
DA:144,0
DA:145,0
DA:146,0
DA:147,0
DA:148,0
DA:149,3
DA:152,54
DA:153,10
DA:154,22
DA:155,113
DA:156,50
DA:157,33
DA:158,34
DA:160,28
DA:161,62
DA:162,61
DA:164,23
DA:165,46
DA:166,45
DA:167,0
DA:168,2
DA:169,8
DA:171,24
DA:172,16
DA:173,16
DA:174,33
DA:175,8
DA:176,54
DA:177,28
DA:178,42
DA:179,8
DA:180,0
DA:181,0
DA:182,4
DA:183,16
DA:186,50
DA:187,10
DA:188,22
DA:190,111
DA:191,50
DA:192,33
DA:193,34
DA:196,49
DA:197,60
DA:198,34
DA:199,0
DA:200,0
DA:201,6
DA:204,43
DA:205,64
DA:206,50
DA:207,91
DA:208,6
DA:210,24
DA:211,27
DA:212,16
DA:213,31
DA:214,8
DA:215,52
DA:216,28
DA:217,42
DA:218,8
DA:219,0
DA:220,0
DA:221,4
DA:222,16
DA:225,45
DA:226,10
DA:227,22
DA:228,103
DA:229,0
DA:230,0
DA:231,0
DA:233,0
DA:234,0
DA:235,0
DA:236,0
DA:237,0
DA:238,0
DA:239,0
DA:240,0
DA:241,0
DA:242,0
DA:243,0
DA:244,0
DA:245,0
DA:246,4
DA:247,16
DA:250,54
DA:251,10
DA:252,23
DA:254,105
DA:255,0
DA:256,4
DA:257,17
DA:260,20
DA:261,12
DA:262,71
DA:263,88
DA:264,15
DA:265,31
DA:266,11
DA:267,73
DA:268,89
DA:269,3
DA:270,9
DA:271,10
DA:272,23
DA:273,5
DA:275,21
DA:276,12
DA:277,72
DA:278,61
DA:279,92
DA:280,99
DA:281,3
DA:282,9
DA:283,10
DA:284,24
DA:285,5
DA:287,81
DA:290,89
DA:293,31
DA:294,25
DA:295,39
DA:296,33
DA:297,33
DA:298,33
DA:299,5
DA:302,17
DA:303,12
DA:304,33
DA:305,39
DA:306,33
DA:307,34
DA:308,56
DA:309,36
DA:310,88
DA:311,94
DA:312,14
DA:313,14
DA:314,41
DA:315,93
DA:316,42
DA:317,3
DA:318,12
DA:319,3
DA:320,18
DA:321,10
DA:322,20
DA:323,5
DA:326,20
DA:327,12
DA:328,100
DA:329,86
DA:330,97
DA:331,93
DA:332,93
DA:333,97
DA:334,93
DA:335,99
DA:336,100
DA:337,93
DA:338,91
DA:339,99
DA:340,96
DA:341,95
DA:342,98
DA:343,96
DA:344,109
DA:345,31
DA:346,9
DA:347,11
DA:348,21
DA:349,48
DA:350,103
DA:351,109
DA:352,115
DA:353,27
DA:354,9
DA:355,11
DA:356,22
DA:357,50
DA:358,98
DA:359,100
DA:360,87
DA:361,87
DA:362,87
DA:363,93
DA:364,90
DA:365,108
DA:366,83
DA:367,77
DA:368,95
DA:369,87
DA:370,90
DA:371,82
DA:372,107
DA:374,106
DA:375,23
DA:376,9
DA:377,11
DA:378,16
DA:379,67
DA:380,107
DA:381,24
DA:382,9
DA:383,11
DA:384,21
DA:385,68
DA:386,113
DA:387,89
DA:388,91
DA:389,103
DA:390,114
DA:391,106
DA:392,104
DA:393,114
DA:394,3
DA:395,9
DA:396,10
DA:397,23
DA:398,5
DA:400,27
DA:401,84
DA:402,5
DA:404,54
DA:405,21
DA:406,5
DA:409,16
DA:410,12
DA:411,98
DA:412,81
DA:413,83
DA:414,65
DA:415,11
DA:416,35
DA:417,11
DA:418,77
DA:419,11
DA:420,14
DA:421,42
DA:422,3
DA:423,15
DA:424,42
DA:425,37
DA:426,9
DA:427,37
DA:428,11
DA:429,9
DA:430,137
DA:431,6
DA:432,13
DA:433,10
DA:434,11
DA:435,98
DA:436,94
DA:437,115
DA:438,113
DA:439,15
DA:440,9
DA:441,95
DA:442,15
DA:443,12
DA:444,9
DA:445,11
DA:446,87
DA:447,8
DA:448,14
DA:449,37
DA:450,33
DA:451,3
DA:452,23
DA:453,11
DA:454,55
DA:455,9
DA:456,14
DA:457,36
DA:458,37
DA:459,36
DA:460,3
DA:461,23
DA:462,11
DA:463,72
DA:464,12
DA:465,7
DA:466,12
DA:467,29
DA:468,14
DA:469,73
DA:470,11
DA:471,16
DA:472,38
DA:473,39
DA:474,11
DA:475,17
DA:476,2
DA:477,9
DA:478,6
DA:479,11
DA:480,9
DA:481,120
DA:482,12
DA:483,80
DA:484,3
DA:485,11
DA:486,9
DA:487,120
DA:488,7
DA:489,3
DA:490,18
DA:491,14
DA:492,3
DA:493,8
DA:494,2
DA:495,11
DA:496,67
DA:497,116
DA:498,13
DA:499,7
DA:500,12
DA:501,16
DA:502,39
DA:503,46
DA:504,63
DA:505,46
DA:506,2
DA:507,2
DA:508,15
DA:509,7
DA:510,7
DA:511,12
DA:512,15
DA:513,18
DA:514,31
DA:515,9
DA:516,18
DA:517,37
DA:518,51
DA:519,41
DA:520,57
DA:521,62
DA:522,6
DA:523,2
DA:524,2
DA:525,11
DA:526,6
DA:527,17
DA:528,28
DA:529,0
DA:531,0
DA:532,0
DA:533,0
DA:535,2
DA:537,7
DA:538,68
DA:539,1
DA:540,6
DA:541,113
DA:542,89
DA:543,14
DA:544,14
DA:545,41
DA:546,93
DA:547,42
DA:548,3
DA:549,15
DA:550,56
DA:551,16
DA:552,14
DA:553,8
DA:554,16
DA:555,15
DA:556,7
DA:557,12
DA:558,2
DA:559,18
DA:560,38
DA:561,64
DA:562,3
DA:563,7
DA:564,2
DA:565,19
DA:566,21
DA:567,18
DA:568,38
DA:569,64
DA:570,3
DA:571,8
DA:572,16
DA:573,3
DA:574,17
DA:575,49
DA:576,3
DA:577,12
DA:578,3
DA:579,9
DA:580,10
DA:581,15
DA:582,5
DA:586,30
DA:587,18
DA:588,4
DA:589,73
DA:590,75
DA:591,74
DA:592,6
DA:594,61
DA:595,15
DA:596,18
DA:597,5
DA:598,3
DA:599,0
DA:600,0
DA:601,0
DA:602,0
DA:603,0
DA:604,0
DA:606,2
DA:607,18
DA:609,14
DA:610,3
DA:612,15
DA:613,44
DA:614,36
DA:615,7
DA:616,21
DA:617,39
DA:618,0
DA:619,6
DA:620,28
DA:621,29
DA:624,27
DA:625,62
DA:626,33
DA:627,6
DA:629,54
DA:630,23
DA:631,53
DA:632,35
DA:634,41
DA:635,72
DA:636,65
DA:637,0
DA:638,8
DA:639,72
DA:640,30
DA:641,0
DA:642,8
DA:643,91
DA:644,21
DA:645,29
DA:646,7
DA:647,0
DA:648,0
DA:649,0
DA:650,0
DA:651,0
DA:652,0
DA:653,0
DA:654,0
DA:656,3
DA:657,15
DA:659,75
DA:660,4
DA:661,4
DA:663,22
DA:664,72
DA:665,25
DA:666,35
DA:667,28
DA:668,19
DA:669,67
DA:670,41
DA:671,72
DA:672,44
DA:674,90
DA:675,34
DA:677,75
DA:678,2
DA:679,15
DA:681,36
DA:682,29
DA:683,83
DA:684,2
DA:685,4
DA:687,47
DA:688,26
DA:689,25
DA:690,0
DA:691,0
DA:692,6
DA:693,31
DA:694,16
DA:695,0
DA:696,0
DA:697,0
DA:698,0
DA:699,0
DA:700,0
DA:701,6
DA:702,11
DA:703,4
DA:705,87
DA:707,37
DA:708,19
DA:709,14
DA:710,21
DA:711,32
DA:712,2
DA:713,4
DA:715,42
DA:716,24
DA:717,14
DA:718,21
DA:719,20
DA:720,24
DA:721,2
DA:722,4
DA:724,40
DA:725,22
DA:726,14
DA:727,21
DA:728,34
DA:729,32
DA:730,2
DA:731,3
DA:733,25
DA:734,44
DA:737,37
DA:738,66
DA:739,46
DA:740,84
DA:741,30
DA:744,43
DA:745,49
LF:748
LH:578
end_of_record
TN:
SF:src/config/markdown.ts
FNF:3
FNH:2
DA:1,72
DA:2,75
DA:3,44
DA:5,46
DA:6,65
DA:9,0
DA:10,2
LF:13
LH:6
end_of_record
TN:
SF:src/file/ignore.ts
FNF:3
FNH:3
DA:1,32
DA:3,60
DA:4,29
DA:5,19
DA:6,23
DA:7,18
DA:8,13
DA:9,11
DA:10,12
DA:11,10
DA:12,12
DA:13,13
DA:14,10
DA:15,10
DA:16,11
DA:17,11
DA:18,10
DA:19,14
DA:20,12
DA:21,13
DA:22,14
DA:23,14
DA:24,8
DA:25,5
DA:27,19
DA:28,15
DA:29,15
DA:32,19
DA:33,19
DA:36,17
DA:37,16
DA:38,17
DA:39,15
DA:42,21
DA:43,21
DA:44,4
DA:46,53
DA:48,46
DA:50,29
DA:51,10
DA:52,6
DA:56,5
DA:57,41
DA:58,0
DA:59,4
DA:61,38
DA:62,44
DA:63,44
DA:64,0
DA:66,0
DA:67,0
DA:68,0
DA:69,0
DA:71,2
LF:74
LH:48
end_of_record
TN:
SF:src/file/index.ts
FNF:7
FNH:1
DA:1,23
DA:2,29
DA:3,26
DA:4,52
DA:5,29
DA:6,25
DA:7,28
DA:8,34
DA:9,47
DA:10,36
DA:11,34
DA:13,42
DA:14,46
DA:16,14
DA:17,12
DA:18,21
DA:19,28
DA:20,30
DA:21,50
DA:22,3
DA:23,10
DA:24,13
DA:25,5
DA:29,14
DA:30,12
DA:31,21
DA:32,21
DA:33,25
DA:34,40
DA:35,22
DA:36,3
DA:37,10
DA:38,17
DA:39,5
DA:42,17
DA:43,12
DA:44,24
DA:45,32
DA:46,9
DA:47,14
DA:48,30
DA:49,30
DA:50,39
DA:51,39
DA:52,15
DA:53,18
DA:54,29
DA:55,29
DA:56,29
DA:57,29
DA:58,32
DA:59,2
DA:60,8
DA:61,32
DA:62,3
DA:63,12
DA:64,3
DA:65,10
DA:66,20
DA:67,5
DA:70,18
DA:71,18
DA:72,15
DA:73,16
DA:74,20
DA:75,2
DA:76,3
DA:77,4
DA:79,0
DA:80,0
DA:81,0
DA:82,0
DA:83,0
DA:84,0
DA:85,0
DA:86,0
DA:87,0
DA:88,0
DA:89,0
DA:90,0
DA:91,0
DA:92,0
DA:93,0
DA:94,0
DA:95,0
DA:96,0
DA:97,0
DA:98,0
DA:99,0
DA:100,0
DA:101,0
DA:102,0
DA:103,0
DA:104,0
DA:105,0
DA:106,0
DA:107,0
DA:108,0
DA:109,0
DA:110,0
DA:111,0
DA:112,0
DA:113,0
DA:115,3
DA:117,0
DA:118,2
DA:121,0
DA:122,0
DA:123,0
DA:124,0
DA:125,0
DA:126,0
DA:127,0
DA:128,0
DA:129,0
DA:130,0
DA:131,0
DA:132,0
DA:133,0
DA:134,0
DA:135,0
DA:136,0
DA:137,0
DA:138,0
DA:139,0
DA:140,0
DA:141,0
DA:142,0
DA:143,0
DA:144,0
DA:145,0
DA:146,0
DA:147,0
DA:148,0
DA:149,0
DA:150,0
DA:151,0
DA:152,0
DA:153,0
DA:154,0
DA:155,0
DA:156,0
DA:157,0
DA:158,0
DA:159,0
DA:160,0
DA:161,0
DA:162,0
DA:163,0
DA:164,0
DA:165,0
DA:166,0
DA:167,0
DA:168,0
DA:169,0
DA:170,0
DA:171,0
DA:172,0
DA:173,0
DA:174,0
DA:175,0
DA:176,0
DA:177,0
DA:178,0
DA:179,0
DA:180,0
DA:181,0
DA:182,0
DA:183,0
DA:184,0
DA:185,0
DA:186,0
DA:187,0
DA:188,2
DA:191,0
DA:192,0
DA:193,0
DA:194,0
DA:195,0
DA:196,0
DA:197,0
DA:198,0
DA:199,0
DA:200,0
DA:201,0
DA:202,0
DA:203,0
DA:204,0
DA:205,0
DA:206,0
DA:207,0
DA:208,0
DA:209,0
DA:210,0
DA:211,0
DA:215,0
DA:216,0
DA:217,0
DA:218,0
DA:219,0
DA:220,0
DA:221,0
DA:222,0
DA:223,0
DA:224,0
DA:225,0
DA:226,0
DA:227,0
DA:228,0
DA:229,0
DA:230,0
DA:231,0
DA:232,0
DA:233,0
DA:234,0
DA:235,0
DA:236,0
DA:237,0
DA:238,0
DA:239,0
DA:240,0
DA:241,0
DA:242,0
DA:243,0
DA:244,0
DA:245,0
DA:246,2
DA:249,0
DA:250,0
DA:251,0
DA:252,0
DA:253,0
DA:254,0
DA:255,0
DA:256,0
DA:257,2
LF:260
LH:73
end_of_record
TN:
SF:src/file/ripgrep.ts
FNF:6
FNH:1
DA:2,29
DA:3,35
DA:4,34
DA:5,23
DA:6,43
DA:7,36
DA:8,26
DA:10,67
DA:12,51
DA:13,28
DA:14,25
DA:15,23
DA:16,24
DA:17,21
DA:18,7
DA:19,25
DA:20,36
DA:21,31
DA:22,30
DA:23,30
DA:24,21
DA:25,5
DA:27,28
DA:28,29
DA:29,22
DA:30,24
DA:31,22
DA:32,6
DA:33,4
DA:34,5
DA:36,30
DA:37,29
DA:38,22
DA:39,24
DA:40,22
DA:41,9
DA:42,25
DA:43,22
DA:44,9
DA:45,30
DA:46,34
DA:47,20
DA:48,18
DA:49,27
DA:50,24
DA:51,11
DA:52,26
DA:53,21
DA:54,2
DA:55,5
DA:56,4
DA:57,5
DA:59,26
DA:60,27
DA:61,22
DA:62,24
DA:63,22
DA:64,9
DA:65,43
DA:66,16
DA:67,4
DA:68,5
DA:70,30
DA:71,31
DA:72,22
DA:73,33
DA:74,26
DA:75,26
DA:76,22
DA:77,9
DA:78,16
DA:79,4
DA:80,5
DA:82,63
DA:89,22
DA:90,78
DA:91,22
DA:92,44
DA:93,23
DA:94,6
DA:95,75
DA:96,80
DA:97,71
DA:98,4
DA:100,50
DA:101,32
DA:102,14
DA:103,25
DA:104,20
DA:105,2
DA:106,4
DA:108,53
DA:109,35
DA:110,14
DA:111,22
DA:112,2
DA:113,4
DA:115,48
DA:116,30
DA:117,14
DA:118,20
DA:119,20
DA:120,2
DA:121,4
DA:123,0
DA:124,0
DA:125,0
DA:126,0
DA:127,0
DA:128,0
DA:129,0
DA:130,0
DA:131,0
DA:132,0
DA:133,0
DA:134,0
DA:135,0
DA:136,0
DA:137,0
DA:138,0
DA:139,0
DA:140,0
DA:141,0
DA:142,0
DA:143,0
DA:144,0
DA:145,0
DA:146,0
DA:147,0
DA:148,0
DA:149,0
DA:150,0
DA:151,0
DA:152,0
DA:153,0
DA:154,0
DA:155,0
DA:156,0
DA:157,0
DA:158,0
DA:159,0
DA:160,0
DA:161,0
DA:162,0
DA:163,0
DA:164,0
DA:165,0
DA:166,0
DA:167,0
DA:168,0
DA:169,0
DA:170,0
DA:171,0
DA:172,0
DA:173,0
DA:174,0
DA:175,0
DA:176,0
DA:177,0
DA:178,0
DA:179,0
DA:180,0
DA:181,0
DA:182,0
DA:183,0
DA:184,0
DA:185,0
DA:186,0
DA:187,0
DA:188,0
DA:189,0
DA:190,0
DA:191,0
DA:192,0
DA:193,0
DA:194,0
DA:195,0
DA:196,0
DA:197,0
DA:199,3
DA:201,0
DA:202,0
DA:203,2
DA:206,0
DA:207,0
DA:208,0
DA:209,0
DA:210,0
DA:211,0
DA:212,0
DA:213,0
DA:214,0
DA:215,0
DA:216,0
DA:217,0
DA:218,0
DA:219,0
DA:220,0
DA:221,0
DA:222,0
DA:223,0
DA:224,0
DA:225,0
DA:226,0
DA:227,0
DA:228,0
DA:229,0
DA:230,0
DA:231,0
DA:232,0
DA:233,0
DA:234,0
DA:235,0
DA:236,0
DA:237,0
DA:238,0
DA:239,0
DA:240,0
DA:241,0
DA:242,2
DA:246,0
DA:247,0
DA:248,0
DA:249,0
DA:250,0
DA:251,0
DA:252,0
DA:253,0
DA:254,0
DA:255,0
DA:256,0
DA:257,0
DA:258,0
DA:259,0
DA:260,0
DA:261,0
DA:262,0
DA:263,0
DA:264,0
DA:265,0
DA:266,0
DA:267,0
DA:268,0
DA:269,0
DA:270,0
DA:271,0
DA:272,0
DA:273,0
DA:274,0
DA:275,0
DA:276,0
DA:277,0
DA:278,0
DA:279,0
DA:280,0
DA:281,0
DA:282,0
DA:283,0
DA:284,0
DA:285,0
DA:286,0
DA:287,0
DA:288,0
DA:289,0
DA:290,0
DA:291,0
DA:292,0
DA:293,0
DA:294,0
DA:295,0
DA:296,0
DA:297,0
DA:298,0
DA:299,0
DA:300,0
DA:301,0
DA:302,0
DA:303,0
DA:304,0
DA:305,0
DA:306,0
DA:307,0
DA:308,0
DA:309,0
DA:310,0
DA:311,0
DA:312,0
DA:313,0
DA:314,0
DA:315,0
DA:316,0
DA:317,0
DA:318,0
DA:319,0
DA:320,0
DA:321,0
DA:322,0
DA:323,0
DA:324,0
DA:325,0
DA:326,0
DA:327,0
DA:328,0
DA:329,0
DA:330,0
DA:331,0
DA:332,0
DA:333,0
DA:334,0
DA:335,0
DA:336,0
DA:337,0
DA:338,0
DA:339,0
DA:340,0
DA:341,0
DA:342,0
DA:343,0
DA:344,2
DA:347,0
DA:348,0
DA:349,0
DA:350,0
DA:351,0
DA:352,0
DA:353,0
DA:354,0
DA:355,0
DA:356,0
DA:357,0
DA:358,0
DA:359,0
DA:360,0
DA:361,0
DA:362,0
DA:363,0
DA:364,0
DA:365,0
DA:366,0
DA:367,0
DA:368,0
DA:369,0
DA:370,0
DA:371,0
DA:372,0
DA:373,0
DA:374,0
DA:375,2
LF:378
LH:109
end_of_record
TN:
SF:src/file/time.ts
FNF:6
FNH:6
DA:1,47
DA:2,34
DA:4,54
DA:5,51
DA:6,42
DA:7,13
DA:11,7
DA:12,14
DA:13,8
DA:14,1
DA:15,3
DA:17,45
DA:18,42
DA:19,38
DA:20,44
DA:21,37
DA:24,43
DA:25,49
DA:28,54
DA:29,42
DA:30,19
DA:31,50
DA:32,43
DA:33,0
DA:34,0
DA:35,0
DA:36,5
LF:39
LH:24
end_of_record
TN:
SF:src/file/watcher.ts
FNF:5
FNH:1
DA:1,24
DA:2,29
DA:3,36
DA:4,47
DA:5,34
DA:6,38
DA:7,42
DA:9,56
DA:10,35
DA:12,63
DA:13,54
DA:15,25
DA:16,19
DA:17,24
DA:18,16
DA:19,23
DA:20,80
DA:21,2
DA:22,3
DA:23,4
DA:25,0
DA:26,0
DA:27,0
DA:28,0
DA:30,4
DA:32,28
DA:33,0
DA:34,0
DA:35,0
DA:36,0
DA:37,0
DA:38,0
DA:39,0
DA:40,0
DA:41,0
DA:42,0
DA:43,0
DA:44,0
DA:45,0
DA:46,0
DA:47,0
DA:48,0
DA:49,0
DA:50,0
DA:51,0
DA:52,0
DA:53,0
DA:54,0
DA:55,0
DA:56,0
DA:57,0
DA:58,0
DA:59,0
DA:60,0
DA:61,0
DA:62,0
DA:63,1
DA:65,0
DA:68,3
DA:70,0
DA:71,0
DA:72,2
LF:75
LH:25
end_of_record
TN:
SF:src/flag/flag.ts
FNF:2
FNH:2
DA:1,42
DA:2,59
DA:3,56
DA:4,72
DA:5,75
DA:6,65
DA:7,64
DA:8,85
DA:9,79
DA:10,91
DA:11,77
DA:14,79
DA:15,88
DA:17,11
DA:18,50
DA:19,43
LF:22
LH:16
end_of_record
TN:
SF:src/format/formatter.ts
FNF:11
FNH:0
DA:1,33
DA:2,47
DA:3,48
DA:13,23
DA:14,16
DA:15,36
DA:16,0
DA:17,0
DA:18,1
DA:20,2
DA:22,21
DA:23,14
DA:24,38
DA:25,0
DA:26,0
DA:27,1
DA:29,2
DA:31,26
DA:32,19
DA:33,66
DA:34,18
DA:35,17
DA:36,4
DA:37,17
DA:38,10
DA:39,11
DA:40,11
DA:41,11
DA:42,10
DA:43,11
DA:44,11
DA:45,11
DA:46,12
DA:47,11
DA:48,11
DA:49,12
DA:50,12
DA:51,12
DA:52,11
DA:53,14
DA:54,12
DA:55,13
DA:56,12
DA:57,11
DA:58,12
DA:59,11
DA:60,10
DA:61,11
DA:62,15
DA:63,8
DA:64,0
DA:65,0
DA:66,0
DA:67,0
DA:68,0
DA:69,0
DA:70,0
DA:71,0
DA:72,1
DA:74,2
DA:76,23
DA:77,16
DA:78,82
DA:79,18
DA:80,17
DA:81,4
DA:82,17
DA:83,10
DA:84,11
DA:85,11
DA:86,11
DA:87,10
DA:88,11
DA:89,11
DA:90,11
DA:91,12
DA:92,11
DA:93,11
DA:94,12
DA:95,12
DA:96,12
DA:97,11
DA:98,14
DA:99,12
DA:100,13
DA:101,12
DA:102,11
DA:103,12
DA:104,11
DA:105,10
DA:106,11
DA:107,15
DA:108,8
DA:109,0
DA:110,0
DA:111,0
DA:112,0
DA:113,0
DA:114,0
DA:115,0
DA:116,0
DA:117,0
DA:118,1
DA:120,2
DA:122,21
DA:123,14
DA:124,35
DA:125,0
DA:126,0
DA:127,1
DA:129,2
DA:131,23
DA:132,23
DA:133,43
DA:134,0
DA:135,0
DA:136,0
DA:137,1
DA:139,2
DA:141,24
DA:142,17
DA:143,37
DA:144,0
DA:145,0
DA:146,1
DA:148,2
DA:150,22
DA:151,15
DA:152,39
DA:153,0
DA:154,0
DA:155,0
DA:156,0
DA:157,0
DA:158,0
DA:159,0
DA:160,0
DA:161,0
DA:162,0
DA:163,0
DA:164,0
DA:165,0
DA:166,0
DA:167,0
DA:168,0
DA:169,0
DA:170,0
DA:171,0
DA:172,0
DA:173,0
DA:174,0
DA:175,0
DA:176,1
DA:178,2
DA:180,25
DA:181,18
DA:182,49
DA:183,0
DA:184,0
DA:185,1
DA:187,2
DA:189,28
DA:190,21
DA:191,44
DA:192,0
DA:193,0
DA:194,1
DA:196,2
DA:198,32
DA:199,25
DA:200,39
DA:201,0
DA:202,0
DA:203,1
DA:205,1
LF:206
LH:118
end_of_record
TN:
SF:src/format/index.ts
FNF:5
FNH:1
DA:1,29
DA:2,31
DA:3,34
DA:4,29
DA:6,41
DA:7,42
DA:8,35
DA:9,47
DA:11,48
DA:12,48
DA:14,0
DA:15,0
DA:16,0
DA:17,0
DA:18,0
DA:19,0
DA:20,0
DA:21,0
DA:22,0
DA:23,0
DA:24,0
DA:25,0
DA:26,0
DA:27,0
DA:28,0
DA:29,0
DA:30,0
DA:31,0
DA:32,0
DA:33,0
DA:34,0
DA:35,0
DA:36,0
DA:38,3
DA:40,0
DA:41,0
DA:42,0
DA:43,0
DA:44,0
DA:45,0
DA:46,0
DA:47,1
DA:50,0
DA:51,0
DA:52,0
DA:53,0
DA:54,0
DA:55,0
DA:56,0
DA:57,0
DA:58,0
DA:59,1
DA:62,0
DA:63,0
DA:64,0
DA:65,0
DA:66,0
DA:67,0
DA:68,0
DA:69,0
DA:70,0
DA:71,0
DA:72,0
DA:73,0
DA:74,0
DA:75,0
DA:76,0
DA:77,0
DA:78,0
DA:79,0
DA:80,0
DA:81,0
DA:82,0
DA:83,0
DA:84,0
DA:85,0
DA:86,0
DA:87,0
DA:88,0
DA:89,0
DA:90,0
DA:91,0
DA:92,0
DA:93,0
DA:94,0
DA:95,2
LF:98
LH:14
end_of_record
TN:
SF:src/global/index.ts
FNF:3
FNH:1
DA:1,34
DA:2,69
DA:3,29
DA:5,23
DA:7,37
DA:8,39
DA:9,41
DA:10,39
DA:12,49
DA:13,19
DA:14,9
DA:15,32
DA:16,32
DA:17,10
DA:18,11
DA:19,7
DA:20,5
DA:23,20
DA:24,50
DA:25,52
DA:26,51
DA:27,49
DA:28,47
DA:29,3
DA:31,26
DA:33,71
DA:34,7
DA:35,8
DA:37,29
DA:38,0
DA:39,0
DA:40,0
DA:41,0
DA:42,0
DA:43,0
DA:44,0
LF:46
LH:29
end_of_record
TN:
SF:src/id/id.ts
FNF:7
FNH:2
DA:1,23
DA:2,42
DA:4,60
DA:5,22
DA:6,19
DA:7,19
DA:8,22
DA:9,16
DA:10,13
DA:11,3
DA:13,43
DA:14,48
DA:17,20
DA:20,24
DA:21,17
DA:23,0
DA:24,2
DA:27,0
DA:28,2
DA:31,0
DA:32,0
DA:33,0
DA:34,0
DA:35,0
DA:36,0
DA:37,0
DA:38,0
DA:39,1
DA:42,0
DA:43,0
DA:44,0
DA:45,0
DA:46,0
DA:47,0
DA:48,0
DA:49,1
DA:52,0
DA:53,0
DA:54,0
DA:55,0
DA:56,0
DA:57,0
DA:58,0
DA:59,0
DA:60,0
DA:61,0
DA:62,0
DA:63,0
DA:64,0
DA:65,0
DA:66,0
DA:67,0
DA:68,0
DA:69,0
DA:70,2
LF:73
LH:20
end_of_record
TN:
SF:src/installation/index.ts
FNF:7
FNH:3
DA:1,29
DA:2,26
DA:3,23
DA:4,43
DA:5,29
DA:6,34
DA:12,66
DA:13,54
DA:17,26
DA:18,19
DA:19,24
DA:20,16
DA:21,23
DA:22,2
DA:23,3
DA:24,4
DA:26,22
DA:27,12
DA:28,24
DA:29,20
DA:30,3
DA:31,10
DA:32,25
DA:33,4
DA:36,0
DA:37,0
DA:38,0
DA:39,0
DA:40,2
DA:43,46
DA:44,49
DA:47,36
DA:48,39
DA:51,0
DA:52,0
DA:53,0
DA:54,0
DA:55,0
DA:56,0
DA:57,0
DA:58,0
DA:59,0
DA:60,0
DA:61,0
DA:62,0
DA:63,0
DA:64,0
DA:65,0
DA:66,0
DA:67,0
DA:68,0
DA:69,0
DA:70,0
DA:71,0
DA:72,0
DA:73,0
DA:74,0
DA:75,0
DA:76,0
DA:77,0
DA:78,0
DA:79,0
DA:80,0
DA:81,0
DA:82,0
DA:83,0
DA:84,0
DA:85,0
DA:86,0
DA:87,0
DA:88,0
DA:89,0
DA:90,0
DA:91,0
DA:92,0
DA:93,2
DA:96,52
DA:97,22
DA:98,14
DA:99,20
DA:100,2
DA:101,3
DA:103,0
DA:104,0
DA:105,0
DA:106,0
DA:107,0
DA:108,0
DA:109,0
DA:110,0
DA:111,0
DA:112,0
DA:113,0
DA:114,0
DA:115,0
DA:116,0
DA:117,0
DA:118,0
DA:119,0
DA:120,0
DA:121,0
DA:122,0
DA:123,0
DA:124,0
DA:125,0
DA:126,0
DA:127,0
DA:128,0
DA:129,0
DA:130,0
DA:131,0
DA:132,0
DA:133,0
DA:134,0
DA:135,2
DA:138,70
DA:139,62
DA:141,0
DA:142,0
DA:143,0
DA:144,0
DA:145,0
DA:146,0
DA:147,0
DA:148,0
DA:149,0
DA:150,2
LF:153
LH:40
end_of_record
TN:
SF:src/lsp/client.ts
FNF:2
FNH:1
DA:1,29
DA:2,104
DA:4,34
DA:5,49
DA:6,29
DA:7,23
DA:9,43
DA:10,46
DA:11,47
DA:13,57
DA:14,52
DA:20,46
DA:21,22
DA:22,14
DA:23,22
DA:24,2
DA:25,4
DA:27,23
DA:28,23
DA:29,26
DA:30,16
DA:31,27
DA:32,20
DA:33,2
DA:34,3
DA:35,3
DA:37,0
DA:38,0
DA:39,0
DA:40,0
DA:41,0
DA:42,0
DA:43,0
DA:44,0
DA:45,0
DA:46,0
DA:47,0
DA:48,0
DA:49,0
DA:50,0
DA:51,0
DA:52,0
DA:53,0
DA:54,0
DA:55,0
DA:56,0
DA:57,0
DA:58,0
DA:59,0
DA:60,0
DA:61,0
DA:62,0
DA:63,0
DA:64,0
DA:65,0
DA:66,0
DA:67,0
DA:68,0
DA:69,0
DA:70,0
DA:71,0
DA:72,0
DA:73,0
DA:74,0
DA:75,0
DA:76,0
DA:77,0
DA:78,0
DA:79,0
DA:80,0
DA:81,0
DA:82,0
DA:83,0
DA:84,0
DA:85,0
DA:86,0
DA:87,0
DA:88,0
DA:89,0
DA:90,0
DA:91,0
DA:92,0
DA:93,0
DA:94,0
DA:95,0
DA:96,0
DA:97,0
DA:98,0
DA:99,0
DA:100,0
DA:101,0
DA:102,0
DA:103,0
DA:104,0
DA:105,0
DA:106,0
DA:107,0
DA:108,0
DA:109,0
DA:110,0
DA:111,0
DA:112,0
DA:113,0
DA:114,0
DA:115,0
DA:116,0
DA:117,0
DA:118,0
DA:119,0
DA:120,0
DA:121,0
DA:122,0
DA:123,0
DA:124,0
DA:125,0
DA:126,0
DA:127,0
DA:128,0
DA:129,0
DA:130,0
DA:131,0
DA:132,0
DA:133,0
DA:134,0
DA:135,0
DA:136,0
DA:137,0
DA:138,0
DA:139,0
DA:140,0
DA:141,0
DA:142,0
DA:143,0
DA:144,0
DA:145,0
DA:146,0
DA:147,0
DA:148,0
DA:149,0
DA:150,0
DA:151,0
DA:152,0
DA:153,0
DA:154,0
DA:155,0
DA:156,0
DA:157,0
DA:158,0
DA:159,0
DA:160,0
DA:161,0
DA:162,0
DA:163,0
DA:164,0
DA:165,0
DA:166,0
DA:167,0
DA:168,0
DA:169,0
DA:170,0
DA:171,0
DA:172,0
DA:173,0
DA:174,0
DA:175,0
DA:176,0
DA:177,0
DA:178,0
DA:179,0
DA:180,0
DA:181,0
DA:182,0
DA:183,0
DA:184,0
DA:185,0
DA:186,0
DA:187,0
DA:188,0
DA:189,0
DA:190,0
DA:191,0
DA:192,0
DA:193,0
DA:194,0
DA:195,0
DA:196,0
DA:197,0
DA:198,0
DA:199,0
DA:200,0
DA:201,0
DA:202,2
LF:205
LH:27
end_of_record
TN:
SF:src/lsp/index.ts
FNF:14
FNH:3
DA:1,34
DA:2,37
DA:3,29
DA:4,37
DA:5,23
DA:6,42
DA:7,43
DA:8,47
DA:10,39
DA:11,45
DA:13,14
DA:14,12
DA:15,23
DA:16,23
DA:17,25
DA:18,7
DA:19,21
DA:20,23
DA:21,25
DA:22,4
DA:23,3
DA:24,10
DA:25,14
DA:26,5
DA:29,15
DA:30,12
DA:31,21
DA:32,21
DA:33,26
DA:34,22
DA:35,20
DA:36,4
DA:37,3
DA:38,10
DA:39,15
DA:40,5
DA:43,23
DA:44,12
DA:45,21
DA:46,34
DA:47,21
DA:48,21
DA:49,27
DA:50,3
DA:51,10
DA:52,23
DA:53,5
DA:56,28
DA:57,0
DA:58,0
DA:59,0
DA:60,0
DA:61,0
DA:62,0
DA:63,0
DA:64,0
DA:65,0
DA:66,0
DA:67,0
DA:68,0
DA:69,0
DA:70,0
DA:71,0
DA:72,0
DA:73,0
DA:74,0
DA:75,0
DA:76,0
DA:77,0
DA:78,0
DA:79,0
DA:80,0
DA:81,0
DA:82,0
DA:83,0
DA:84,0
DA:85,0
DA:86,0
DA:87,0
DA:88,0
DA:89,0
DA:90,0
DA:91,0
DA:92,0
DA:93,0
DA:94,0
DA:95,0
DA:96,0
DA:97,0
DA:98,0
DA:99,0
DA:100,0
DA:101,1
DA:103,0
DA:104,0
DA:105,0
DA:108,3
DA:110,0
DA:111,2
DA:114,0
DA:115,0
DA:116,0
DA:117,0
DA:118,0
DA:119,0
DA:120,0
DA:121,0
DA:122,0
DA:123,0
DA:124,0
DA:125,0
DA:126,0
DA:127,0
DA:128,0
DA:129,0
DA:130,0
DA:131,0
DA:132,0
DA:133,0
DA:134,0
DA:135,0
DA:136,0
DA:137,0
DA:138,0
DA:139,0
DA:140,0
DA:141,0
DA:142,0
DA:143,0
DA:144,0
DA:145,0
DA:146,0
DA:147,0
DA:148,0
DA:149,0
DA:150,0
DA:151,0
DA:152,0
DA:153,0
DA:154,0
DA:155,0
DA:156,0
DA:157,0
DA:158,0
DA:159,1
DA:162,0
DA:163,0
DA:164,0
DA:165,0
DA:166,0
DA:167,0
DA:168,0
DA:169,2
DA:172,0
DA:173,0
DA:174,0
DA:175,0
DA:176,0
DA:177,0
DA:178,0
DA:179,0
DA:180,0
DA:181,2
DA:184,0
DA:185,0
DA:186,0
DA:187,0
DA:188,0
DA:189,0
DA:190,0
DA:191,0
DA:192,0
DA:193,0
DA:194,0
DA:195,2
DA:198,59
DA:199,48
DA:200,52
DA:201,58
DA:202,54
DA:203,50
DA:204,52
DA:205,56
DA:206,50
DA:207,62
DA:208,49
DA:209,59
DA:210,57
DA:211,57
DA:212,57
DA:213,53
DA:214,53
DA:215,55
DA:216,51
DA:217,53
DA:218,47
DA:219,49
DA:220,61
DA:221,53
DA:222,51
DA:223,57
DA:224,67
DA:227,19
DA:228,18
DA:229,22
DA:230,19
DA:231,23
DA:232,22
DA:233,22
DA:234,20
DA:235,15
DA:236,3
DA:238,0
DA:239,0
DA:240,0
DA:241,0
DA:242,0
DA:243,0
DA:244,0
DA:245,0
DA:246,0
DA:247,2
DA:250,0
DA:251,0
DA:252,0
DA:253,0
DA:254,0
DA:255,0
DA:256,0
DA:257,0
DA:258,0
DA:259,0
DA:260,0
DA:261,2
DA:264,0
DA:265,0
DA:266,0
DA:267,2
DA:270,76
DA:271,0
DA:272,0
DA:273,0
DA:274,0
DA:275,0
DA:276,0
DA:277,0
DA:278,0
DA:279,0
DA:280,0
DA:281,0
DA:282,0
DA:283,4
LF:287
LH:97
end_of_record
TN:
SF:src/lsp/language.ts
FNF:1
FNH:1
DA:1,37
DA:2,18
DA:3,16
DA:4,19
DA:5,22
DA:6,20
DA:7,28
DA:8,12
DA:9,16
DA:10,16
DA:11,15
DA:12,16
DA:13,18
DA:14,16
DA:15,12
DA:16,19
DA:17,22
DA:18,18
DA:19,19
DA:20,18
DA:21,30
DA:22,18
DA:23,19
DA:24,19
DA:25,19
DA:26,18
DA:27,19
DA:28,19
DA:29,24
DA:30,29
DA:31,29
DA:32,14
DA:33,22
DA:34,23
DA:35,30
DA:36,19
DA:37,18
DA:38,17
DA:39,16
DA:40,18
DA:41,22
DA:42,28
DA:43,18
DA:44,18
DA:45,20
DA:46,18
DA:47,16
DA:48,26
DA:49,23
DA:50,20
DA:51,26
DA:52,22
DA:53,25
DA:54,16
DA:55,16
DA:56,18
DA:57,16
DA:58,23
DA:59,24
DA:60,17
DA:61,18
DA:62,18
DA:63,12
DA:64,21
DA:65,20
DA:66,16
DA:67,18
DA:68,21
DA:69,16
DA:70,16
DA:71,21
DA:72,19
DA:73,20
DA:74,21
DA:75,16
DA:76,18
DA:77,18
DA:78,20
DA:79,25
DA:80,23
DA:81,25
DA:82,24
DA:83,24
DA:84,16
DA:85,22
DA:86,20
DA:87,22
DA:88,28
DA:89,23
DA:90,23
DA:91,29
DA:92,29
DA:93,16
DA:94,16
DA:95,18
DA:96,17
DA:97,23
DA:98,23
DA:99,16
DA:100,16
DA:101,14
DA:102,1
LF:103
LH:102
end_of_record
TN:
SF:src/lsp/server.ts
FNF:18
FNH:2
DA:1,43
DA:2,29
DA:3,25
DA:4,35
DA:5,34
DA:6,33
DA:7,26
DA:8,34
DA:9,48
DA:10,47
DA:11,36
DA:13,57
DA:14,52
DA:23,38
DA:24,0
DA:25,0
DA:26,0
DA:27,0
DA:28,0
DA:29,0
DA:30,0
DA:31,0
DA:32,0
DA:33,3
DA:45,28
DA:46,21
DA:47,101
DA:48,0
DA:49,0
DA:50,0
DA:51,0
DA:52,0
DA:53,0
DA:54,0
DA:55,0
DA:56,0
DA:57,0
DA:58,0
DA:59,0
DA:60,0
DA:61,0
DA:62,0
DA:63,0
DA:64,0
DA:65,0
DA:66,2
DA:68,4
DA:70,21
DA:71,14
DA:72,25
DA:73,0
DA:74,0
DA:75,0
DA:76,0
DA:77,0
DA:78,0
DA:79,0
DA:80,0
DA:81,0
DA:82,0
DA:83,0
DA:84,0
DA:85,0
DA:86,0
DA:87,0
DA:88,0
DA:89,0
DA:90,0
DA:91,0
DA:92,0
DA:93,0
DA:94,0
DA:95,0
DA:96,0
DA:97,0
DA:98,0
DA:99,0
DA:100,0
DA:101,0
DA:102,0
DA:103,0
DA:104,0
DA:105,0
DA:106,0
DA:107,0
DA:108,0
DA:109,0
DA:110,0
DA:111,0
DA:112,0
DA:113,0
DA:114,0
DA:115,2
DA:117,4
DA:119,24
DA:120,17
DA:121,101
DA:122,0
DA:123,0
DA:124,0
DA:125,0
DA:126,0
DA:127,0
DA:128,0
DA:129,0
DA:130,0
DA:131,0
DA:132,0
DA:133,0
DA:134,0
DA:135,0
DA:136,0
DA:137,0
DA:138,0
DA:139,0
DA:140,0
DA:141,0
DA:142,0
DA:143,0
DA:144,0
DA:145,0
DA:146,0
DA:147,0
DA:148,0
DA:149,0
DA:150,0
DA:151,0
DA:152,0
DA:153,0
DA:154,0
DA:155,0
DA:156,0
DA:157,0
DA:158,0
DA:159,0
DA:160,0
DA:161,0
DA:162,0
DA:163,0
DA:164,0
DA:165,0
DA:166,2
DA:168,4
DA:170,23
DA:171,16
DA:172,0
DA:173,0
DA:174,0
DA:175,5
DA:177,0
DA:178,0
DA:179,0
DA:180,0
DA:181,0
DA:182,0
DA:183,0
DA:184,0
DA:185,0
DA:186,0
DA:187,0
DA:188,0
DA:189,0
DA:190,0
DA:191,0
DA:192,0
DA:193,0
DA:194,0
DA:195,0
DA:196,0
DA:197,0
DA:198,0
DA:199,0
DA:200,0
DA:201,0
DA:202,0
DA:203,0
DA:204,0
DA:205,0
DA:206,0
DA:207,0
DA:208,2
DA:210,4
DA:212,25
DA:213,19
DA:214,35
DA:215,0
DA:216,0
DA:217,0
DA:218,0
DA:219,0
DA:220,0
DA:221,0
DA:222,0
DA:223,0
DA:224,0
DA:225,0
DA:226,0
DA:227,0
DA:228,0
DA:229,0
DA:230,0
DA:231,0
DA:232,0
DA:233,0
DA:234,0
DA:235,0
DA:236,0
DA:237,0
DA:238,0
DA:239,0
DA:240,0
DA:241,0
DA:242,0
DA:243,0
DA:244,0
DA:245,0
DA:246,0
DA:247,0
DA:248,0
DA:249,2
DA:251,4
DA:253,25
DA:254,18
DA:255,32
DA:256,0
DA:257,0
DA:258,0
DA:259,0
DA:260,0
DA:261,0
DA:262,0
DA:263,0
DA:264,0
DA:265,0
DA:266,0
DA:267,0
DA:268,0
DA:269,0
DA:270,0
DA:271,0
DA:272,0
DA:273,0
DA:274,0
DA:275,0
DA:276,0
DA:277,0
DA:278,0
DA:279,0
DA:280,0
DA:281,0
DA:282,0
DA:283,0
DA:284,0
DA:285,0
DA:286,0
DA:287,0
DA:288,0
DA:289,0
DA:290,0
DA:291,0
DA:292,0
DA:293,0
DA:294,0
DA:295,0
DA:296,0
DA:297,0
DA:298,0
DA:299,0
DA:300,0
DA:301,0
DA:302,0
DA:303,2
DA:305,4
DA:307,26
DA:308,20
DA:309,32
DA:310,0
DA:311,0
DA:312,0
DA:313,0
DA:314,0
DA:315,0
DA:316,0
DA:317,0
DA:318,0
DA:319,0
DA:320,0
DA:321,0
DA:322,0
DA:323,0
DA:324,0
DA:325,0
DA:326,0
DA:327,0
DA:328,0
DA:329,0
DA:330,0
DA:331,0
DA:332,0
DA:333,0
DA:334,0
DA:335,0
DA:336,0
DA:337,0
DA:338,0
DA:339,0
DA:340,0
DA:341,0
DA:342,0
DA:343,0
DA:344,0
DA:345,0
DA:346,0
DA:347,0
DA:348,0
DA:349,0
DA:350,0
DA:351,0
DA:352,0
DA:353,0
DA:354,0
DA:355,0
DA:356,0
DA:357,0
DA:358,0
DA:359,2
DA:361,4
DA:363,21
DA:364,14
DA:365,33
DA:366,0
DA:367,0
DA:368,0
DA:369,0
DA:370,0
DA:371,0
DA:372,0
DA:373,0
DA:374,0
DA:375,0
DA:376,0
DA:377,0
DA:378,0
DA:379,0
DA:380,0
DA:381,0
DA:382,0
DA:383,0
DA:384,0
DA:385,0
DA:386,0
DA:387,0
DA:388,0
DA:389,0
DA:390,0
DA:391,0
DA:392,0
DA:393,0
DA:394,0
DA:395,0
DA:396,0
DA:397,0
DA:398,0
DA:399,0
DA:400,0
DA:401,0
DA:402,0
DA:403,0
DA:404,0
DA:405,0
DA:406,0
DA:407,0
DA:408,0
DA:409,0
DA:410,0
DA:411,0
DA:412,0
DA:413,0
DA:414,0
DA:415,0
DA:416,0
DA:417,0
DA:418,0
DA:419,0
DA:420,0
DA:421,0
DA:422,0
DA:423,0
DA:424,0
DA:425,0
DA:426,0
DA:427,0
DA:428,0
DA:429,0
DA:430,0
DA:431,0
DA:432,0
DA:433,0
DA:434,0
DA:435,0
DA:436,0
DA:437,0
DA:438,0
DA:439,0
DA:440,0
DA:441,0
DA:442,0
DA:443,0
DA:444,0
DA:445,0
DA:446,0
DA:447,0
DA:448,0
DA:449,0
DA:450,0
DA:451,0
DA:452,0
DA:453,0
DA:454,0
DA:455,0
DA:456,0
DA:457,0
DA:458,0
DA:459,0
DA:460,0
DA:461,0
DA:462,0
DA:463,0
DA:464,0
DA:465,2
DA:467,4
DA:469,24
DA:470,17
DA:471,58
DA:472,0
DA:473,0
DA:474,0
DA:475,0
DA:476,0
DA:477,0
DA:478,0
DA:479,0
DA:480,0
DA:481,0
DA:482,0
DA:483,0
DA:484,0
DA:485,0
DA:486,0
DA:487,0
DA:488,0
DA:489,0
DA:490,0
DA:491,0
DA:492,0
DA:493,0
DA:494,0
DA:495,0
DA:496,0
DA:497,0
DA:498,0
DA:499,0
DA:500,0
DA:501,0
DA:502,0
DA:503,0
DA:504,0
DA:505,2
DA:507,4
DA:509,30
DA:510,15
DA:511,0
DA:512,0
DA:513,0
DA:514,0
DA:515,0
DA:516,0
DA:517,0
DA:518,0
DA:519,0
DA:520,0
DA:521,0
DA:522,0
DA:523,0
DA:524,0
DA:525,0
DA:526,0
DA:527,0
DA:528,0
DA:529,0
DA:530,0
DA:531,0
DA:532,0
DA:533,0
DA:534,0
DA:535,0
DA:536,0
DA:537,0
DA:538,5
DA:540,0
DA:541,0
DA:542,0
DA:543,0
DA:544,0
DA:545,0
DA:546,0
DA:547,0
DA:548,0
DA:549,0
DA:550,0
DA:551,2
DA:553,4
DA:555,24
DA:556,17
DA:557,111
DA:558,0
DA:559,0
DA:560,0
DA:561,0
DA:562,0
DA:563,0
DA:564,0
DA:565,0
DA:566,0
DA:567,0
DA:568,0
DA:569,0
DA:570,0
DA:571,0
DA:572,0
DA:573,0
DA:574,0
DA:575,0
DA:576,0
DA:577,0
DA:578,0
DA:579,0
DA:580,0
DA:581,0
DA:582,0
DA:583,0
DA:584,0
DA:585,0
DA:586,0
DA:587,0
DA:588,0
DA:589,0
DA:590,0
DA:591,0
DA:592,0
DA:593,0
DA:594,0
DA:595,0
DA:596,0
DA:597,0
DA:598,0
DA:599,0
DA:600,0
DA:601,0
DA:602,0
DA:603,0
DA:604,0
DA:605,0
DA:606,0
DA:607,0
DA:608,0
DA:609,0
DA:610,0
DA:611,0
DA:612,0
DA:613,0
DA:614,0
DA:615,0
DA:616,0
DA:617,0
DA:618,0
DA:619,0
DA:620,0
DA:621,0
DA:622,0
DA:623,0
DA:624,0
DA:625,0
DA:626,0
DA:627,0
DA:628,0
DA:629,2
DA:631,4
DA:633,24
DA:634,17
DA:635,28
DA:636,0
DA:637,0
DA:638,0
DA:639,0
DA:640,0
DA:641,0
DA:642,0
DA:643,0
DA:644,0
DA:645,0
DA:646,0
DA:647,0
DA:648,0
DA:649,0
DA:650,0
DA:651,0
DA:652,0
DA:653,0
DA:654,0
DA:655,0
DA:656,0
DA:657,0
DA:658,0
DA:659,0
DA:660,0
DA:661,0
DA:662,0
DA:663,0
DA:664,0
DA:665,0
DA:666,0
DA:667,0
DA:668,0
DA:669,2
DA:671,4
DA:673,23
DA:674,16
DA:675,97
DA:676,0
DA:677,0
DA:678,0
DA:679,0
DA:680,0
DA:681,0
DA:682,0
DA:683,0
DA:684,0
DA:685,0
DA:686,0
DA:687,0
DA:688,0
DA:689,0
DA:690,0
DA:691,0
DA:692,0
DA:693,0
DA:694,0
DA:695,0
DA:696,0
DA:697,0
DA:698,0
DA:699,0
DA:700,0
DA:701,0
DA:702,0
DA:703,0
DA:704,0
DA:705,0
DA:706,0
DA:707,0
DA:708,0
DA:709,0
DA:710,0
DA:711,0
DA:712,0
DA:713,0
DA:714,0
DA:715,0
DA:716,0
DA:717,0
DA:718,0
DA:719,0
DA:720,0
DA:721,0
DA:722,0
DA:723,0
DA:724,0
DA:725,0
DA:726,0
DA:727,0
DA:728,0
DA:729,0
DA:730,0
DA:731,0
DA:732,0
DA:733,0
DA:734,0
DA:735,0
DA:736,0
DA:737,0
DA:738,0
DA:739,0
DA:740,0
DA:741,0
DA:742,0
DA:743,0
DA:744,0
DA:745,0
DA:746,0
DA:747,0
DA:748,0
DA:749,0
DA:750,0
DA:751,0
DA:752,0
DA:753,0
DA:754,0
DA:755,0
DA:756,2
DA:758,5
LF:760
LH:80
end_of_record
TN:
SF:src/mcp/index.ts
FNF:6
FNH:1
DA:1,50
DA:2,99
DA:3,77
DA:4,81
DA:5,42
DA:6,34
DA:7,43
DA:8,23
DA:9,37
DA:10,29
DA:11,47
DA:12,45
DA:14,39
DA:15,45
DA:17,31
DA:18,13
DA:19,14
DA:20,18
DA:21,2
DA:22,4
DA:26,28
DA:27,0
DA:28,0
DA:29,0
DA:30,0
DA:31,0
DA:32,0
DA:33,0
DA:34,0
DA:35,0
DA:36,0
DA:37,0
DA:38,0
DA:39,0
DA:40,0
DA:41,0
DA:42,0
DA:43,0
DA:44,0
DA:45,0
DA:46,0
DA:47,0
DA:48,0
DA:49,0
DA:50,0
DA:51,0
DA:52,0
DA:53,0
DA:54,0
DA:55,0
DA:56,0
DA:57,0
DA:58,0
DA:59,0
DA:60,0
DA:61,0
DA:62,0
DA:63,0
DA:64,0
DA:65,0
DA:66,0
DA:67,0
DA:68,0
DA:69,0
DA:70,0
DA:71,0
DA:72,0
DA:73,0
DA:74,0
DA:75,0
DA:76,0
DA:77,0
DA:78,0
DA:79,0
DA:80,0
DA:81,0
DA:82,0
DA:83,0
DA:84,0
DA:85,0
DA:86,0
DA:87,0
DA:88,0
DA:89,0
DA:90,0
DA:91,0
DA:92,0
DA:93,0
DA:94,0
DA:95,0
DA:96,0
DA:97,0
DA:98,0
DA:99,0
DA:100,0
DA:101,0
DA:102,0
DA:103,0
DA:104,0
DA:105,0
DA:106,0
DA:107,0
DA:108,0
DA:109,0
DA:110,0
DA:111,0
DA:112,0
DA:113,0
DA:114,0
DA:115,0
DA:116,0
DA:117,0
DA:118,0
DA:119,0
DA:120,0
DA:121,0
DA:122,0
DA:123,0
DA:124,0
DA:125,0
DA:126,0
DA:127,0
DA:128,0
DA:129,0
DA:130,0
DA:131,0
DA:132,0
DA:133,0
DA:134,0
DA:135,0
DA:136,0
DA:137,0
DA:138,0
DA:139,0
DA:140,0
DA:141,0
DA:142,0
DA:143,0
DA:144,0
DA:145,1
DA:147,0
DA:148,0
DA:149,0
DA:152,3
DA:154,0
DA:155,0
DA:156,0
DA:157,0
DA:158,0
DA:159,0
DA:160,0
DA:161,0
DA:162,0
DA:163,0
DA:164,0
DA:165,0
DA:166,0
DA:167,0
DA:168,2
DA:171,0
DA:172,2
DA:175,0
DA:176,0
DA:177,0
DA:178,0
DA:179,0
DA:180,0
DA:181,0
DA:182,0
DA:183,0
DA:184,2
LF:187
LH:26
end_of_record
TN:
SF:src/patch/index.ts
FNF:22
FNH:21
DA:1,21
DA:2,34
DA:3,39
DA:4,34
DA:6,45
DA:7,47
DA:10,34
DA:11,93
DA:12,5
DA:52,98
DA:53,49
DA:54,43
DA:55,67
DA:56,65
DA:59,98
DA:60,37
DA:61,59
DA:62,59
DA:63,55
DA:66,129
DA:67,45
DA:68,67
DA:69,69
DA:70,63
DA:74,23
DA:75,33
DA:77,44
DA:78,53
DA:79,52
DA:80,4
DA:82,47
DA:83,53
DA:84,52
DA:85,4
DA:87,47
DA:88,53
DA:89,19
DA:90,33
DA:93,81
DA:94,59
DA:95,16
DA:96,6
DA:98,48
DA:99,0
DA:101,1
DA:104,23
DA:105,22
DA:106,21
DA:108,62
DA:109,39
DA:111,57
DA:112,12
DA:114,28
DA:115,28
DA:116,32
DA:119,96
DA:120,38
DA:122,37
DA:123,0
DA:124,0
DA:125,0
DA:126,10
DA:128,44
DA:130,52
DA:131,35
DA:132,33
DA:133,50
DA:135,49
DA:136,50
DA:138,49
DA:139,11
DA:141,12
DA:142,8
DA:144,23
DA:145,30
DA:146,30
DA:147,51
DA:148,48
DA:149,9
DA:150,0
DA:151,4
DA:153,4
DA:155,30
DA:158,23
DA:159,21
DA:160,21
DA:162,62
DA:163,38
DA:164,44
DA:165,6
DA:166,8
DA:167,4
DA:170,32
DA:171,35
DA:172,4
DA:174,31
DA:177,48
DA:178,38
DA:179,21
DA:180,14
DA:183,42
DA:184,38
DA:186,74
DA:187,70
DA:189,66
DA:190,66
DA:191,4
DA:194,21
DA:196,25
DA:197,48
DA:198,12
DA:199,0
DA:200,0
DA:201,6
DA:203,50
DA:204,80
DA:205,22
DA:206,22
DA:207,32
DA:208,25
DA:209,11
DA:210,18
DA:211,59
DA:212,22
DA:213,25
DA:214,29
DA:215,11
DA:216,25
DA:217,59
DA:218,81
DA:219,22
DA:220,25
DA:221,32
DA:222,37
DA:223,14
DA:224,11
DA:225,18
DA:226,0
DA:227,5
DA:229,4
DA:231,18
DA:235,58
DA:238,5
DA:240,63
DA:243,71
DA:244,13
DA:245,46
DA:246,18
DA:247,34
DA:248,19
DA:249,27
DA:250,15
DA:251,9
DA:252,1
DA:253,0
DA:254,0
DA:255,0
DA:256,0
DA:257,0
DA:259,4
DA:262,72
DA:264,29
DA:265,92
DA:267,26
DA:268,45
DA:269,15
DA:270,53
DA:271,20
DA:272,36
DA:273,21
DA:274,34
DA:275,17
DA:276,11
DA:277,1
DA:278,0
DA:279,0
DA:280,0
DA:281,0
DA:282,0
DA:284,0
DA:285,4
DA:287,54
DA:296,89
DA:298,24
DA:299,11
DA:300,74
DA:301,21
DA:302,64
DA:305,50
DA:308,86
DA:309,24
DA:310,4
DA:312,78
DA:313,66
DA:316,73
DA:317,22
DA:318,4
DA:320,41
DA:323,73
DA:325,14
DA:326,32
DA:327,23
DA:328,3
DA:331,39
DA:332,28
DA:333,22
DA:335,34
DA:337,25
DA:338,0
DA:339,0
DA:340,0
DA:341,0
DA:342,0
DA:343,6
DA:346,42
DA:347,97
DA:348,2
DA:349,28
DA:350,62
DA:351,8
DA:352,6
DA:355,36
DA:356,37
DA:357,66
DA:360,77
DA:361,0
DA:362,0
DA:363,0
DA:364,0
DA:365,0
DA:366,6
DA:368,26
DA:369,61
DA:370,41
DA:371,0
DA:372,0
DA:373,0
DA:374,4
DA:376,4
DA:379,43
DA:381,20
DA:384,27
DA:386,30
DA:388,56
DA:389,61
DA:392,38
DA:395,51
DA:396,52
DA:397,4
DA:398,4
DA:400,14
DA:403,34
DA:404,34
DA:407,71
DA:408,25
DA:410,48
DA:411,32
DA:412,0
DA:413,0
DA:414,6
DA:415,6
DA:417,21
DA:418,8
DA:419,0
DA:420,0
DA:422,1
DA:425,30
DA:426,42
DA:427,42
DA:430,29
DA:433,62
DA:434,27
DA:436,38
DA:437,40
DA:438,40
DA:440,33
DA:441,50
DA:442,50
DA:443,24
DA:444,27
DA:445,28
DA:446,5
DA:447,4
DA:449,24
DA:453,57
DA:454,23
DA:455,0
DA:456,4
DA:458,21
DA:459,24
DA:460,23
DA:462,32
DA:463,32
DA:464,16
DA:466,49
DA:467,50
DA:468,54
DA:469,10
DA:471,64
DA:472,32
DA:473,47
DA:474,10
DA:476,19
DA:477,37
DA:478,34
DA:479,49
DA:480,10
DA:482,19
DA:483,81
DA:485,32
DA:487,57
DA:488,54
DA:489,57
DA:490,12
DA:492,76
DA:493,39
DA:494,42
DA:495,68
DA:496,19
DA:498,71
DA:499,37
DA:500,59
DA:502,9
DA:504,4
DA:506,38
DA:510,47
DA:511,44
DA:512,34
DA:516,0
DA:517,0
DA:518,0
DA:519,0
DA:520,0
DA:521,0
DA:522,0
DA:523,0
DA:524,0
DA:525,0
DA:526,0
DA:527,0
DA:528,0
DA:529,0
DA:530,0
DA:531,0
DA:532,0
DA:533,0
DA:534,0
DA:535,0
DA:536,0
DA:537,0
DA:538,0
DA:539,0
DA:540,0
DA:541,0
DA:542,0
DA:543,0
DA:544,0
DA:545,0
DA:546,0
DA:547,0
DA:548,0
DA:549,0
DA:550,0
DA:551,0
DA:552,0
DA:553,0
DA:554,0
DA:555,0
DA:556,0
DA:557,0
DA:558,0
DA:559,0
DA:560,0
DA:561,0
DA:562,0
DA:563,0
DA:564,0
DA:565,0
DA:566,0
DA:567,0
DA:568,0
DA:569,0
DA:570,0
DA:571,0
DA:572,0
DA:573,0
DA:574,0
DA:575,0
DA:576,0
DA:577,0
DA:578,0
DA:579,0
DA:580,0
DA:581,0
DA:582,0
DA:583,0
DA:584,0
DA:585,0
DA:586,0
DA:587,0
DA:588,0
DA:589,0
DA:590,0
DA:591,0
DA:592,0
DA:593,0
DA:594,0
DA:595,0
DA:596,0
DA:597,0
DA:598,0
DA:599,0
DA:600,0
DA:601,0
DA:602,0
DA:603,0
DA:604,0
DA:605,0
DA:606,2
LF:609
LH:292
end_of_record
TN:
SF:src/permission/index.ts
FNF:9
FNH:1
DA:1,0
DA:2,0
DA:3,0
DA:4,0
DA:5,0
DA:6,0
DA:7,0
DA:8,0
DA:9,0
DA:10,0
DA:11,0
DA:12,0
DA:13,0
DA:14,0
DA:15,0
DA:16,0
DA:17,0
DA:18,0
DA:19,0
DA:20,0
DA:21,0
DA:22,0
DA:23,0
DA:24,0
DA:25,0
DA:26,0
DA:27,0
DA:28,0
DA:29,0
DA:30,0
DA:31,0
DA:32,0
DA:33,0
DA:34,0
DA:35,0
DA:36,0
DA:37,0
DA:38,0
DA:39,0
DA:40,0
DA:41,0
DA:42,0
DA:43,0
DA:44,0
DA:45,0
DA:46,0
DA:47,0
DA:48,0
DA:49,0
DA:50,0
DA:51,0
DA:52,0
DA:53,0
DA:54,0
DA:55,0
DA:56,0
DA:57,0
DA:58,0
DA:59,0
DA:60,0
DA:61,0
DA:62,0
DA:63,0
DA:64,0
DA:65,0
DA:66,0
DA:67,0
DA:68,0
DA:69,0
DA:70,0
DA:71,0
DA:72,0
DA:73,0
DA:74,0
DA:75,0
DA:76,0
DA:77,0
DA:78,0
DA:79,0
DA:80,0
DA:81,0
DA:82,0
DA:83,0
DA:84,0
DA:85,0
DA:86,0
DA:87,0
DA:88,0
DA:89,0
DA:90,0
DA:91,0
DA:92,0
DA:93,0
DA:94,0
DA:95,0
DA:96,0
DA:97,0
DA:98,0
DA:99,0
DA:100,0
DA:101,0
DA:102,0
DA:103,0
DA:104,0
DA:105,0
DA:106,0
DA:107,0
DA:108,0
DA:109,0
DA:110,0
DA:111,0
DA:112,0
DA:113,0
DA:114,0
DA:115,0
DA:116,0
DA:117,0
DA:118,0
DA:119,0
DA:120,0
DA:121,0
DA:122,0
DA:123,0
DA:124,0
DA:125,0
DA:126,0
DA:127,0
DA:128,0
DA:129,0
DA:130,0
DA:131,0
DA:132,0
DA:133,0
DA:134,0
DA:135,0
DA:136,0
DA:137,0
DA:138,0
DA:139,0
DA:140,0
DA:141,0
DA:142,0
DA:143,0
DA:144,0
DA:145,0
DA:146,0
DA:147,0
DA:148,0
DA:149,0
DA:150,0
DA:151,0
DA:152,0
DA:153,0
DA:154,0
DA:155,0
DA:156,0
DA:157,0
DA:158,0
DA:159,0
DA:160,0
DA:161,0
DA:162,0
DA:163,0
DA:164,0
DA:165,0
DA:166,0
DA:167,0
DA:168,0
DA:169,0
DA:170,0
DA:171,0
DA:172,0
DA:173,0
DA:174,0
DA:175,0
DA:176,0
DA:177,0
DA:180,3
LF:182
LH:1
end_of_record
TN:
SF:src/plugin/index.ts
FNF:5
FNH:1
DA:2,42
DA:3,29
DA:4,34
DA:5,56
DA:6,42
DA:7,33
DA:8,47
DA:9,36
DA:11,48
DA:12,48
DA:14,0
DA:15,0
DA:16,0
DA:17,0
DA:18,0
DA:19,0
DA:20,0
DA:21,0
DA:22,0
DA:23,0
DA:24,0
DA:25,0
DA:26,0
DA:27,0
DA:28,0
DA:29,0
DA:30,0
DA:31,0
DA:32,0
DA:33,0
DA:34,0
DA:35,0
DA:36,0
DA:37,0
DA:38,0
DA:39,0
DA:40,0
DA:41,0
DA:42,0
DA:43,0
DA:44,0
DA:45,0
DA:46,0
DA:47,0
DA:48,0
DA:50,3
DA:52,0
DA:53,0
DA:54,0
DA:55,0
DA:56,0
DA:57,0
DA:58,0
DA:59,0
DA:60,0
DA:61,0
DA:62,0
DA:63,0
DA:64,0
DA:65,0
DA:66,2
DA:69,0
DA:70,2
DA:73,0
DA:74,0
DA:75,0
DA:76,0
DA:77,0
DA:78,0
DA:79,0
DA:80,0
DA:81,0
DA:82,0
DA:83,0
DA:84,0
DA:85,0
DA:86,2
LF:89
LH:14
end_of_record
TN:
SF:src/project/bootstrap.ts
FNF:1
FNH:0
DA:1,35
DA:2,39
DA:3,35
DA:4,29
DA:5,39
DA:6,46
DA:7,31
DA:8,36
DA:10,0
DA:11,0
DA:12,0
DA:13,0
DA:14,0
DA:15,0
DA:16,0
DA:17,0
LF:20
LH:8
end_of_record
TN:
SF:src/project/instance.ts
FNF:11
FNH:11
DA:1,42
DA:2,36
DA:3,32
DA:10,43
DA:11,22
DA:13,25
DA:14,12
DA:15,46
DA:16,21
DA:17,67
DA:18,20
DA:19,35
DA:20,35
DA:21,13
DA:22,6
DA:23,4
DA:24,44
DA:25,41
DA:26,29
DA:27,43
DA:28,6
DA:29,18
DA:30,4
DA:32,8
DA:33,32
DA:35,8
DA:36,31
DA:38,8
DA:39,30
DA:41,21
DA:42,60
DA:44,7
DA:45,44
DA:47,1
LF:48
LH:34
end_of_record
TN:
SF:src/project/project.ts
FNF:9
FNH:7
DA:1,23
DA:2,48
DA:3,29
DA:4,26
DA:5,45
DA:6,34
DA:8,51
DA:9,49
DA:10,17
DA:11,12
DA:12,19
DA:13,25
DA:14,37
DA:15,22
DA:16,26
DA:17,38
DA:18,4
DA:19,3
DA:20,10
DA:21,16
DA:22,4
DA:25,55
DA:26,45
DA:27,75
DA:28,56
DA:29,27
DA:30,16
DA:31,25
DA:32,21
DA:33,22
DA:34,17
DA:35,27
DA:36,7
DA:37,8
DA:38,58
DA:39,14
DA:40,4
DA:41,37
DA:42,57
DA:43,8
DA:44,10
DA:45,14
DA:46,7
DA:47,11
DA:48,2
DA:49,10
DA:50,16
DA:51,19
DA:52,9
DA:53,6
DA:54,8
DA:55,0
DA:56,0
DA:57,0
DA:58,0
DA:59,0
DA:60,0
DA:61,0
DA:62,0
DA:63,0
DA:64,4
DA:65,73
DA:66,8
DA:67,10
DA:68,14
DA:69,7
DA:70,24
DA:71,23
DA:72,9
DA:73,15
DA:74,17
DA:75,15
DA:76,25
DA:77,5
DA:78,6
DA:79,50
DA:80,17
DA:83,0
DA:84,0
DA:85,0
DA:86,2
DA:89,0
DA:90,0
DA:91,2
LF:94
LH:70
end_of_record
TN:
SF:src/project/state.ts
FNF:5
FNH:5
DA:1,45
DA:7,25
DA:9,50
DA:10,19
DA:11,25
DA:12,40
DA:13,25
DA:14,29
DA:15,35
DA:16,6
DA:17,42
DA:18,43
DA:19,27
DA:20,30
DA:21,14
DA:22,13
DA:23,9
DA:24,14
DA:28,37
DA:29,59
DA:30,0
DA:31,0
DA:32,5
LF:35
LH:21
end_of_record
TN:
SF:src/provider/models.ts
FNF:4
FNH:1
DA:1,35
DA:2,34
DA:3,29
DA:4,23
DA:6,47
DA:8,58
DA:9,52
DA:10,63
DA:12,20
DA:13,12
DA:14,19
DA:15,21
DA:16,29
DA:17,28
DA:18,27
DA:19,29
DA:20,27
DA:21,22
DA:22,24
DA:23,25
DA:24,40
DA:25,38
DA:26,7
DA:27,23
DA:28,26
DA:29,22
DA:30,7
DA:31,14
DA:32,14
DA:33,73
DA:34,71
DA:35,3
DA:36,15
DA:37,41
DA:38,43
DA:39,52
DA:40,3
DA:41,10
DA:42,14
DA:43,5
DA:46,23
DA:47,12
DA:48,31
DA:49,21
DA:50,29
DA:51,19
DA:52,31
DA:53,47
DA:54,3
DA:55,10
DA:56,17
DA:57,4
DA:61,0
DA:62,0
DA:63,0
DA:64,0
DA:65,0
DA:66,0
DA:67,2
DA:70,0
DA:71,0
DA:72,0
DA:73,0
DA:74,0
DA:75,0
DA:76,0
DA:77,0
DA:78,0
DA:79,0
DA:80,0
DA:81,0
DA:82,0
DA:83,0
DA:84,0
DA:85,2
DA:89,29
LF:90
LH:55
end_of_record
TN:
SF:src/provider/provider.ts
FNF:19
FNH:2
DA:1,23
DA:2,29
DA:3,42
DA:4,43
DA:5,38
DA:6,34
DA:7,33
DA:8,35
DA:9,37
DA:10,43
DA:11,31
DA:12,47
DA:13,35
DA:14,36
DA:16,54
DA:17,50
DA:27,0
DA:28,0
DA:29,0
DA:30,0
DA:31,0
DA:32,0
DA:33,0
DA:34,0
DA:35,0
DA:36,0
DA:37,0
DA:38,0
DA:39,0
DA:40,0
DA:41,0
DA:42,0
DA:43,0
DA:44,0
DA:45,0
DA:46,0
DA:47,0
DA:48,0
DA:49,0
DA:50,0
DA:51,0
DA:52,0
DA:53,0
DA:54,0
DA:55,0
DA:56,5
DA:58,0
DA:59,0
DA:60,0
DA:61,0
DA:62,0
DA:63,0
DA:64,0
DA:65,5
DA:67,0
DA:68,0
DA:69,0
DA:70,0
DA:71,0
DA:72,0
DA:73,0
DA:74,5
DA:76,0
DA:77,0
DA:78,0
DA:79,0
DA:80,0
DA:81,0
DA:82,0
DA:83,0
DA:84,0
DA:85,0
DA:86,0
DA:87,0
DA:88,0
DA:89,0
DA:90,0
DA:91,0
DA:92,0
DA:93,0
DA:94,0
DA:95,0
DA:96,0
DA:97,0
DA:98,0
DA:99,0
DA:100,0
DA:101,0
DA:102,0
DA:103,0
DA:104,0
DA:105,0
DA:106,0
DA:107,0
DA:108,0
DA:109,0
DA:110,0
DA:111,0
DA:112,0
DA:113,0
DA:114,0
DA:115,0
DA:116,0
DA:117,0
DA:118,0
DA:119,0
DA:120,0
DA:121,0
DA:122,0
DA:123,0
DA:124,0
DA:125,0
DA:126,0
DA:127,0
DA:128,0
DA:129,0
DA:130,0
DA:131,0
DA:132,5
DA:134,0
DA:135,0
DA:136,0
DA:137,0
DA:138,0
DA:139,0
DA:140,0
DA:141,0
DA:142,0
DA:143,5
DA:145,0
DA:146,0
DA:147,0
DA:148,0
DA:149,0
DA:150,0
DA:151,0
DA:152,0
DA:153,0
DA:154,5
DA:156,0
DA:157,0
DA:158,0
DA:159,0
DA:160,0
DA:161,0
DA:162,0
DA:163,0
DA:164,0
DA:165,0
DA:166,0
DA:167,0
DA:168,0
DA:169,0
DA:170,0
DA:171,5
DA:173,0
DA:174,0
DA:175,0
DA:176,0
DA:177,0
DA:178,0
DA:179,0
DA:180,0
DA:181,0
DA:182,0
DA:183,0
DA:184,0
DA:185,0
DA:186,0
DA:187,0
DA:188,2
DA:190,4
DA:192,0
DA:193,0
DA:194,0
DA:195,0
DA:196,0
DA:197,0
DA:198,0
DA:199,0
DA:200,0
DA:201,0
DA:202,0
DA:203,0
DA:204,0
DA:205,0
DA:206,0
DA:207,0
DA:208,0
DA:209,0
DA:210,0
DA:211,0
DA:212,0
DA:213,0
DA:214,0
DA:215,0
DA:216,0
DA:217,0
DA:218,0
DA:219,0
DA:220,0
DA:221,0
DA:222,0
DA:223,0
DA:224,0
DA:225,0
DA:226,0
DA:227,0
DA:228,0
DA:229,0
DA:230,0
DA:231,0
DA:232,0
DA:233,0
DA:234,0
DA:235,0
DA:236,0
DA:237,0
DA:238,0
DA:239,0
DA:240,0
DA:241,0
DA:242,0
DA:243,0
DA:244,0
DA:245,0
DA:246,0
DA:247,0
DA:248,0
DA:249,0
DA:250,0
DA:251,0
DA:252,0
DA:253,0
DA:254,0
DA:255,0
DA:256,0
DA:257,0
DA:258,0
DA:259,0
DA:260,0
DA:261,0
DA:262,0
DA:263,0
DA:264,0
DA:265,0
DA:266,0
DA:267,0
DA:268,0
DA:269,0
DA:270,0
DA:271,0
DA:272,0
DA:273,0
DA:274,0
DA:275,0
DA:276,0
DA:277,0
DA:278,0
DA:279,0
DA:280,0
DA:281,0
DA:282,0
DA:283,0
DA:284,0
DA:285,0
DA:286,0
DA:287,0
DA:288,0
DA:289,0
DA:290,0
DA:291,0
DA:292,0
DA:293,0
DA:294,0
DA:295,0
DA:296,0
DA:297,0
DA:298,0
DA:299,0
DA:300,0
DA:301,0
DA:302,0
DA:303,0
DA:304,0
DA:305,0
DA:306,0
DA:307,0
DA:308,0
DA:309,0
DA:310,0
DA:311,0
DA:312,0
DA:313,0
DA:314,0
DA:315,0
DA:316,0
DA:317,0
DA:318,0
DA:319,0
DA:320,0
DA:321,0
DA:322,0
DA:323,0
DA:324,0
DA:325,0
DA:326,0
DA:327,0
DA:328,0
DA:329,0
DA:330,0
DA:331,0
DA:332,0
DA:333,0
DA:334,0
DA:335,0
DA:336,0
DA:337,0
DA:338,0
DA:339,0
DA:340,0
DA:341,0
DA:342,0
DA:343,0
DA:344,0
DA:345,0
DA:346,0
DA:347,0
DA:348,0
DA:349,0
DA:350,0
DA:351,0
DA:352,0
DA:353,0
DA:354,0
DA:355,0
DA:356,0
DA:357,0
DA:358,0
DA:359,0
DA:360,0
DA:361,0
DA:362,0
DA:363,0
DA:364,0
DA:366,3
DA:368,0
DA:369,2
DA:372,0
DA:373,0
DA:374,0
DA:375,0
DA:376,0
DA:377,0
DA:378,0
DA:379,0
DA:380,0
DA:381,0
DA:382,0
DA:383,0
DA:384,0
DA:385,0
DA:386,0
DA:387,0
DA:388,0
DA:389,0
DA:390,0
DA:391,0
DA:392,0
DA:393,0
DA:394,0
DA:395,0
DA:396,0
DA:397,0
DA:398,0
DA:399,0
DA:400,0
DA:401,0
DA:402,0
DA:403,0
DA:404,0
DA:405,0
DA:406,0
DA:407,0
DA:408,0
DA:409,0
DA:410,0
DA:411,1
DA:414,0
DA:415,2
DA:418,0
DA:419,0
DA:420,0
DA:421,0
DA:422,0
DA:423,0
DA:424,0
DA:425,0
DA:426,0
DA:427,0
DA:428,0
DA:429,0
DA:430,0
DA:431,0
DA:432,0
DA:433,0
DA:434,0
DA:435,0
DA:436,0
DA:437,0
DA:438,0
DA:439,0
DA:440,0
DA:441,0
DA:442,0
DA:443,0
DA:444,0
DA:445,0
DA:446,0
DA:447,0
DA:448,0
DA:449,0
DA:450,0
DA:451,0
DA:452,0
DA:453,0
DA:454,0
DA:455,0
DA:456,0
DA:457,0
DA:458,0
DA:459,0
DA:460,2
DA:464,0
DA:465,0
DA:466,0
DA:467,0
DA:468,0
DA:469,0
DA:470,0
DA:471,0
DA:472,0
DA:473,0
DA:474,0
DA:475,0
DA:476,0
DA:477,0
DA:478,0
DA:479,2
DA:482,73
DA:483,0
DA:484,0
DA:485,0
DA:486,0
DA:487,0
DA:488,0
DA:489,2
DA:492,0
DA:493,0
DA:494,0
DA:495,0
DA:496,0
DA:497,0
DA:498,0
DA:499,0
DA:500,0
DA:501,0
DA:502,0
DA:503,0
DA:504,0
DA:505,0
DA:506,0
DA:507,0
DA:508,0
DA:509,0
DA:510,0
DA:511,0
DA:512,0
DA:513,0
DA:514,0
DA:515,0
DA:516,0
DA:517,0
DA:518,0
DA:519,0
DA:520,0
DA:521,0
DA:522,0
DA:523,0
DA:524,0
DA:525,0
DA:526,0
DA:527,0
DA:528,0
DA:529,0
DA:530,0
DA:531,0
DA:532,0
DA:533,0
DA:534,0
DA:535,0
DA:536,0
DA:537,0
DA:538,0
DA:539,0
DA:540,0
DA:541,2
DA:544,48
DA:545,51
DA:546,14
DA:547,17
DA:548,27
DA:549,3
DA:552,48
DA:553,30
DA:554,14
DA:555,27
DA:556,21
DA:557,2
DA:558,4
DA:560,39
DA:561,21
DA:562,14
DA:563,24
DA:564,2
DA:565,5
LF:567
LH:53
end_of_record
TN:
SF:src/provider/transform.ts
FNF:9
FNH:1
DA:2,32
DA:5,80
DA:6,0
DA:7,0
DA:8,0
DA:9,0
DA:10,0
DA:11,0
DA:12,0
DA:13,0
DA:14,0
DA:15,0
DA:16,0
DA:17,0
DA:18,0
DA:19,0
DA:20,1
DA:23,0
DA:24,0
DA:25,0
DA:26,0
DA:27,0
DA:28,0
DA:29,0
DA:30,0
DA:31,0
DA:32,0
DA:33,0
DA:34,0
DA:35,0
DA:36,0
DA:37,0
DA:38,0
DA:39,0
DA:40,0
DA:41,0
DA:42,0
DA:43,0
DA:44,0
DA:45,0
DA:46,0
DA:47,0
DA:48,0
DA:49,0
DA:50,0
DA:51,0
DA:52,0
DA:53,0
DA:54,0
DA:55,0
DA:56,0
DA:57,0
DA:58,0
DA:59,0
DA:60,0
DA:61,0
DA:62,1
DA:65,0
DA:66,0
DA:67,0
DA:68,0
DA:69,0
DA:70,0
DA:71,0
DA:72,0
DA:73,2
DA:76,0
DA:77,0
DA:78,0
DA:79,2
DA:82,0
DA:83,0
DA:84,2
DA:87,0
DA:88,0
DA:89,0
DA:90,0
DA:91,0
DA:92,0
DA:93,0
DA:94,0
DA:95,0
DA:96,0
DA:97,0
DA:98,0
DA:99,0
DA:100,0
DA:101,0
DA:102,0
DA:103,0
DA:104,0
DA:105,2
DA:108,0
DA:109,0
DA:110,0
DA:111,0
DA:112,0
DA:113,0
DA:114,0
DA:115,0
DA:116,0
DA:117,0
DA:118,0
DA:119,0
DA:120,0
DA:121,0
DA:122,0
DA:123,0
DA:124,0
DA:125,0
DA:126,0
DA:127,0
DA:128,0
DA:129,0
DA:130,2
DA:133,0
DA:134,0
DA:135,0
DA:136,0
DA:137,0
DA:138,0
DA:139,0
DA:140,0
DA:141,0
DA:142,0
DA:143,0
DA:144,0
DA:145,0
DA:146,0
DA:147,0
DA:148,0
DA:149,0
DA:150,0
DA:151,0
DA:152,0
DA:153,0
DA:154,0
DA:155,2
LF:158
LH:10
end_of_record
TN:
SF:src/server/project.ts
FNF:2
FNH:0
DA:1,28
DA:2,45
DA:3,40
DA:4,47
DA:5,45
DA:7,38
DA:8,4
DA:9,5
DA:10,17
DA:11,35
DA:12,30
DA:13,16
DA:14,12
DA:15,38
DA:16,18
DA:17,31
DA:18,46
DA:19,7
DA:20,5
DA:21,3
DA:22,2
DA:23,2
DA:24,0
DA:25,0
DA:28,2
DA:29,4
DA:30,12
DA:31,17
DA:32,41
DA:33,33
DA:34,16
DA:35,12
DA:36,37
DA:37,18
DA:38,31
DA:39,38
DA:40,7
DA:41,5
DA:42,3
DA:43,2
DA:44,2
DA:45,0
DA:48,2
LF:49
LH:40
end_of_record
TN:
SF:src/server/server.ts
FNF:4
FNH:1
DA:1,34
DA:2,29
DA:3,102
DA:4,28
DA:5,33
DA:6,43
DA:7,37
DA:8,23
DA:9,48
DA:10,35
DA:11,43
DA:12,47
DA:13,42
DA:14,42
DA:15,31
DA:16,29
DA:17,50
DA:18,42
DA:19,43
DA:20,47
DA:21,39
DA:22,31
DA:23,37
DA:24,35
DA:25,41
DA:26,48
DA:27,53
DA:28,50
DA:29,58
DA:30,50
DA:31,36
DA:32,39
DA:33,57
DA:34,29
DA:36,17
DA:37,10
DA:38,31
DA:39,16
DA:40,29
DA:41,17
DA:42,2
DA:43,18
DA:44,43
DA:45,3
DA:46,16
DA:47,20
DA:48,2
DA:49,7
DA:50,5
DA:51,3
DA:52,2
DA:53,2
DA:55,48
DA:56,48
DA:58,20
DA:59,56
DA:60,4
DA:62,23
DA:63,0
DA:64,0
DA:65,0
DA:66,0
DA:67,0
DA:68,0
DA:69,0
DA:70,0
DA:71,0
DA:72,0
DA:73,0
DA:74,0
DA:75,0
DA:76,0
DA:77,0
DA:78,0
DA:79,0
DA:80,0
DA:81,0
DA:82,0
DA:83,0
DA:84,0
DA:85,0
DA:86,0
DA:87,0
DA:88,0
DA:89,0
DA:90,0
DA:91,0
DA:92,0
DA:93,0
DA:94,0
DA:95,0
DA:96,0
DA:97,0
DA:98,0
DA:99,0
DA:100,0
DA:101,0
DA:102,0
DA:103,0
DA:104,0
DA:105,0
DA:106,0
DA:107,0
DA:108,0
DA:109,0
DA:110,0
DA:111,0
DA:112,0
DA:113,0
DA:114,0
DA:115,0
DA:116,0
DA:117,0
DA:118,0
DA:119,0
DA:120,0
DA:121,0
DA:122,0
DA:123,0
DA:124,0
DA:125,0
DA:126,0
DA:127,0
DA:128,0
DA:129,0
DA:130,0
DA:131,0
DA:132,0
DA:133,0
DA:134,0
DA:135,0
DA:136,0
DA:137,0
DA:138,0
DA:139,0
DA:140,0
DA:141,0
DA:142,0
DA:143,0
DA:144,0
DA:145,0
DA:146,0
DA:147,0
DA:148,0
DA:149,0
DA:150,0
DA:151,0
DA:152,0
DA:153,0
DA:154,0
DA:155,0
DA:156,0
DA:157,0
DA:158,0
DA:159,0
DA:160,0
DA:161,0
DA:162,0
DA:163,0
DA:164,0
DA:165,0
DA:166,0
DA:167,0
DA:168,0
DA:169,0
DA:170,0
DA:171,0
DA:172,0
DA:173,0
DA:174,0
DA:175,0
DA:176,0
DA:177,0
DA:178,0
DA:179,0
DA:180,0
DA:181,0
DA:182,0
DA:183,0
DA:184,0
DA:185,0
DA:186,0
DA:187,0
DA:188,0
DA:189,0
DA:190,0
DA:191,0
DA:192,0
DA:193,0
DA:194,0
DA:195,0
DA:196,0
DA:197,0
DA:198,0
DA:199,0
DA:200,0
DA:201,0
DA:202,0
DA:203,0
DA:204,0
DA:205,0
DA:206,0
DA:207,0
DA:208,0
DA:209,0
DA:210,0
DA:211,0
DA:212,0
DA:213,0
DA:214,0
DA:215,0
DA:216,0
DA:217,0
DA:218,0
DA:219,0
DA:220,0
DA:221,0
DA:222,0
DA:223,0
DA:224,0
DA:225,0
DA:226,0
DA:227,0
DA:228,0
DA:229,0
DA:230,0
DA:231,0
DA:232,0
DA:233,0
DA:234,0
DA:235,0
DA:236,0
DA:237,0
DA:238,0
DA:239,0
DA:240,0
DA:241,0
DA:242,0
DA:243,0
DA:244,0
DA:245,0
DA:246,0
DA:247,0
DA:248,0
DA:249,0
DA:250,0
DA:251,0
DA:252,0
DA:253,0
DA:254,0
DA:255,0
DA:256,0
DA:257,0
DA:258,0
DA:259,0
DA:260,0
DA:261,0
DA:262,0
DA:263,0
DA:264,0
DA:265,0
DA:266,0
DA:267,0
DA:268,0
DA:269,0
DA:270,0
DA:271,0
DA:272,0
DA:273,0
DA:274,0
DA:275,0
DA:276,0
DA:277,0
DA:278,0
DA:279,0
DA:280,0
DA:281,0
DA:282,0
DA:283,0
DA:284,0
DA:285,0
DA:286,0
DA:287,0
DA:288,0
DA:289,0
DA:290,0
DA:291,0
DA:292,0
DA:293,0
DA:294,0
DA:295,0
DA:296,0
DA:297,0
DA:298,0
DA:299,0
DA:300,0
DA:301,0
DA:302,0
DA:303,0
DA:304,0
DA:305,0
DA:306,0
DA:307,0
DA:308,0
DA:309,0
DA:310,0
DA:311,0
DA:312,0
DA:313,0
DA:314,0
DA:315,0
DA:316,0
DA:317,0
DA:318,0
DA:319,0
DA:320,0
DA:321,0
DA:322,0
DA:323,0
DA:324,0
DA:325,0
DA:326,0
DA:327,0
DA:328,0
DA:329,0
DA:330,0
DA:331,0
DA:332,0
DA:333,0
DA:334,0
DA:335,0
DA:336,0
DA:337,0
DA:338,0
DA:339,0
DA:340,0
DA:341,0
DA:342,0
DA:343,0
DA:344,0
DA:345,0
DA:346,0
DA:347,0
DA:348,0
DA:349,0
DA:350,0
DA:351,0
DA:352,0
DA:353,0
DA:354,0
DA:355,0
DA:356,0
DA:357,0
DA:358,0
DA:359,0
DA:360,0
DA:361,0
DA:362,0
DA:363,0
DA:364,0
DA:365,0
DA:366,0
DA:367,0
DA:368,0
DA:369,0
DA:370,0
DA:371,0
DA:372,0
DA:373,0
DA:374,0
DA:375,0
DA:376,0
DA:377,0
DA:378,0
DA:379,0
DA:380,0
DA:381,0
DA:382,0
DA:383,0
DA:384,0
DA:385,0
DA:386,0
DA:387,0
DA:388,0
DA:389,0
DA:390,0
DA:391,0
DA:392,0
DA:393,0
DA:394,0
DA:395,0
DA:396,0
DA:397,0
DA:398,0
DA:399,0
DA:400,0
DA:401,0
DA:402,0
DA:403,0
DA:404,0
DA:405,0
DA:406,0
DA:407,0
DA:408,0
DA:409,0
DA:410,0
DA:411,0
DA:412,0
DA:413,0
DA:414,0
DA:415,0
DA:416,0
DA:417,0
DA:418,0
DA:419,0
DA:420,0
DA:421,0
DA:422,0
DA:423,0
DA:424,0
DA:425,0
DA:426,0
DA:427,0
DA:428,0
DA:429,0
DA:430,0
DA:431,0
DA:432,0
DA:433,0
DA:434,0
DA:435,0
DA:436,0
DA:437,0
DA:438,0
DA:439,0
DA:440,0
DA:441,0
DA:442,0
DA:443,0
DA:444,0
DA:445,0
DA:446,0
DA:447,0
DA:448,0
DA:449,0
DA:450,0
DA:451,0
DA:452,0
DA:453,0
DA:454,0
DA:455,0
DA:456,0
DA:457,0
DA:458,0
DA:459,0
DA:460,0
DA:461,0
DA:462,0
DA:463,0
DA:464,0
DA:465,0
DA:466,0
DA:467,0
DA:468,0
DA:469,0
DA:470,0
DA:471,0
DA:472,0
DA:473,0
DA:474,0
DA:475,0
DA:476,0
DA:477,0
DA:478,0
DA:479,0
DA:480,0
DA:481,0
DA:482,0
DA:483,0
DA:484,0
DA:485,0
DA:486,0
DA:487,0
DA:488,0
DA:489,0
DA:490,0
DA:491,0
DA:492,0
DA:493,0
DA:494,0
DA:495,0
DA:496,0
DA:497,0
DA:498,0
DA:499,0
DA:500,0
DA:501,0
DA:502,0
DA:503,0
DA:504,0
DA:505,0
DA:506,0
DA:507,0
DA:508,0
DA:509,0
DA:510,0
DA:511,0
DA:512,0
DA:513,0
DA:514,0
DA:515,0
DA:516,0
DA:517,0
DA:518,0
DA:519,0
DA:520,0
DA:521,0
DA:522,0
DA:523,0
DA:524,0
DA:525,0
DA:526,0
DA:527,0
DA:528,0
DA:529,0
DA:530,0
DA:531,0
DA:532,0
DA:533,0
DA:534,0
DA:535,0
DA:536,0
DA:537,0
DA:538,0
DA:539,0
DA:540,0
DA:541,0
DA:542,0
DA:543,0
DA:544,0
DA:545,0
DA:546,0
DA:547,0
DA:548,0
DA:549,0
DA:550,0
DA:551,0
DA:552,0
DA:553,0
DA:554,0
DA:555,0
DA:556,0
DA:557,0
DA:558,0
DA:559,0
DA:560,0
DA:561,0
DA:562,0
DA:563,0
DA:564,0
DA:565,0
DA:566,0
DA:567,0
DA:568,0
DA:569,0
DA:570,0
DA:571,0
DA:572,0
DA:573,0
DA:574,0
DA:575,0
DA:576,0
DA:577,0
DA:578,0
DA:579,0
DA:580,0
DA:581,0
DA:582,0
DA:583,0
DA:584,0
DA:585,0
DA:586,0
DA:587,0
DA:588,0
DA:589,0
DA:590,0
DA:591,0
DA:592,0
DA:593,0
DA:594,0
DA:595,0
DA:596,0
DA:597,0
DA:598,0
DA:599,0
DA:600,0
DA:601,0
DA:602,0
DA:603,0
DA:604,0
DA:605,0
DA:606,0
DA:607,0
DA:608,0
DA:609,0
DA:610,0
DA:611,0
DA:612,0
DA:613,0
DA:614,0
DA:615,0
DA:616,0
DA:617,0
DA:618,0
DA:619,0
DA:620,0
DA:621,0
DA:622,0
DA:623,0
DA:624,0
DA:625,0
DA:626,0
DA:627,0
DA:628,0
DA:629,0
DA:630,0
DA:631,0
DA:632,0
DA:633,0
DA:634,0
DA:635,0
DA:636,0
DA:637,0
DA:638,0
DA:639,0
DA:640,0
DA:641,0
DA:642,0
DA:643,0
DA:644,0
DA:645,0
DA:646,0
DA:647,0
DA:648,0
DA:649,0
DA:650,0
DA:651,0
DA:652,0
DA:653,0
DA:654,0
DA:655,0
DA:656,0
DA:657,0
DA:658,0
DA:659,0
DA:660,0
DA:661,0
DA:662,0
DA:663,0
DA:664,0
DA:665,0
DA:666,0
DA:667,0
DA:668,0
DA:669,0
DA:670,0
DA:671,0
DA:672,0
DA:673,0
DA:674,0
DA:675,0
DA:676,0
DA:677,0
DA:678,0
DA:679,0
DA:680,0
DA:681,0
DA:682,0
DA:683,0
DA:684,0
DA:685,0
DA:686,0
DA:687,0
DA:688,0
DA:689,0
DA:690,0
DA:691,0
DA:692,0
DA:693,0
DA:694,0
DA:695,0
DA:696,0
DA:697,0
DA:698,0
DA:699,0
DA:700,0
DA:701,0
DA:702,0
DA:703,0
DA:704,0
DA:705,0
DA:706,0
DA:707,0
DA:708,0
DA:709,0
DA:710,0
DA:711,0
DA:712,0
DA:713,0
DA:714,0
DA:715,0
DA:716,0
DA:717,0
DA:718,0
DA:719,0
DA:720,0
DA:721,0
DA:722,0
DA:723,0
DA:724,0
DA:725,0
DA:726,0
DA:727,0
DA:728,0
DA:729,0
DA:730,0
DA:731,0
DA:732,0
DA:733,0
DA:734,0
DA:735,0
DA:736,0
DA:737,0
DA:738,0
DA:739,0
DA:740,0
DA:741,0
DA:742,0
DA:743,0
DA:744,0
DA:745,0
DA:746,0
DA:747,0
DA:748,0
DA:749,0
DA:750,0
DA:751,0
DA:752,0
DA:753,0
DA:754,0
DA:755,0
DA:756,0
DA:757,0
DA:758,0
DA:759,0
DA:760,0
DA:761,0
DA:762,0
DA:763,0
DA:764,0
DA:765,0
DA:766,0
DA:767,0
DA:768,0
DA:769,0
DA:770,0
DA:771,0
DA:772,0
DA:773,0
DA:774,0
DA:775,0
DA:776,0
DA:777,0
DA:778,0
DA:779,0
DA:780,0
DA:781,0
DA:782,0
DA:783,0
DA:784,0
DA:785,0
DA:786,0
DA:787,0
DA:788,0
DA:789,0
DA:790,0
DA:791,0
DA:792,0
DA:793,0
DA:794,0
DA:795,0
DA:796,0
DA:797,0
DA:798,0
DA:799,0
DA:800,0
DA:801,0
DA:802,0
DA:803,0
DA:804,0
DA:805,0
DA:806,0
DA:807,0
DA:808,0
DA:809,0
DA:810,0
DA:811,0
DA:812,0
DA:813,0
DA:814,0
DA:815,0
DA:816,0
DA:817,0
DA:818,0
DA:819,0
DA:820,0
DA:821,0
DA:822,0
DA:823,0
DA:824,0
DA:825,0
DA:826,0
DA:827,0
DA:828,0
DA:829,0
DA:830,0
DA:831,0
DA:832,0
DA:833,0
DA:834,0
DA:835,0
DA:836,0
DA:837,0
DA:838,0
DA:839,0
DA:840,0
DA:841,0
DA:842,0
DA:843,0
DA:844,0
DA:845,0
DA:846,0
DA:847,0
DA:848,0
DA:849,0
DA:850,0
DA:851,0
DA:852,0
DA:853,0
DA:854,0
DA:855,0
DA:856,0
DA:857,0
DA:858,0
DA:859,0
DA:860,0
DA:861,0
DA:862,0
DA:863,0
DA:864,0
DA:865,0
DA:866,0
DA:867,0
DA:868,0
DA:869,0
DA:870,0
DA:871,0
DA:872,0
DA:873,0
DA:874,0
DA:875,0
DA:876,0
DA:877,0
DA:878,0
DA:879,0
DA:880,0
DA:881,0
DA:882,0
DA:883,0
DA:884,0
DA:885,0
DA:886,0
DA:887,0
DA:888,0
DA:889,0
DA:890,0
DA:891,0
DA:892,0
DA:893,0
DA:894,0
DA:895,0
DA:896,0
DA:897,0
DA:898,0
DA:899,0
DA:900,0
DA:901,0
DA:902,0
DA:903,0
DA:904,0
DA:905,0
DA:906,0
DA:907,0
DA:908,0
DA:909,0
DA:910,0
DA:911,0
DA:912,0
DA:913,0
DA:914,0
DA:915,0
DA:916,0
DA:917,0
DA:918,0
DA:919,0
DA:920,0
DA:921,0
DA:922,0
DA:923,0
DA:924,0
DA:925,0
DA:926,0
DA:927,0
DA:928,0
DA:929,0
DA:930,0
DA:931,0
DA:932,0
DA:933,0
DA:934,0
DA:935,0
DA:936,0
DA:937,0
DA:938,0
DA:939,0
DA:940,0
DA:941,0
DA:942,0
DA:943,0
DA:944,0
DA:945,0
DA:946,0
DA:947,0
DA:948,0
DA:949,0
DA:950,0
DA:951,0
DA:952,0
DA:953,0
DA:954,0
DA:955,0
DA:956,0
DA:957,0
DA:958,0
DA:959,0
DA:960,0
DA:961,0
DA:962,0
DA:963,0
DA:964,0
DA:965,0
DA:966,0
DA:967,0
DA:968,0
DA:969,0
DA:970,0
DA:971,0
DA:972,0
DA:973,0
DA:974,0
DA:975,0
DA:976,0
DA:977,0
DA:978,0
DA:979,0
DA:980,0
DA:981,0
DA:982,0
DA:983,0
DA:984,0
DA:985,0
DA:986,0
DA:987,0
DA:988,0
DA:989,0
DA:990,0
DA:991,0
DA:992,0
DA:993,0
DA:994,0
DA:995,0
DA:996,0
DA:997,0
DA:998,0
DA:999,0
DA:1000,0
DA:1001,0
DA:1002,0
DA:1003,0
DA:1004,0
DA:1005,0
DA:1006,0
DA:1007,0
DA:1008,0
DA:1009,0
DA:1010,0
DA:1011,0
DA:1012,0
DA:1013,0
DA:1014,0
DA:1015,0
DA:1016,0
DA:1017,0
DA:1018,0
DA:1019,0
DA:1020,0
DA:1021,0
DA:1022,0
DA:1023,0
DA:1024,0
DA:1025,0
DA:1026,0
DA:1027,0
DA:1028,0
DA:1029,0
DA:1030,0
DA:1031,0
DA:1032,0
DA:1033,0
DA:1034,0
DA:1035,0
DA:1036,0
DA:1037,0
DA:1038,0
DA:1039,0
DA:1040,0
DA:1041,0
DA:1042,0
DA:1043,0
DA:1044,0
DA:1045,0
DA:1046,0
DA:1047,0
DA:1048,0
DA:1049,0
DA:1050,0
DA:1051,0
DA:1052,0
DA:1053,0
DA:1054,0
DA:1055,0
DA:1056,0
DA:1057,0
DA:1058,0
DA:1059,0
DA:1060,0
DA:1061,0
DA:1062,0
DA:1063,0
DA:1064,0
DA:1065,0
DA:1066,0
DA:1067,0
DA:1068,0
DA:1069,0
DA:1070,0
DA:1071,0
DA:1072,0
DA:1073,0
DA:1074,0
DA:1075,0
DA:1076,0
DA:1077,0
DA:1078,0
DA:1079,0
DA:1080,0
DA:1081,0
DA:1082,0
DA:1083,0
DA:1084,0
DA:1085,0
DA:1086,0
DA:1087,0
DA:1088,0
DA:1089,0
DA:1090,0
DA:1091,0
DA:1092,0
DA:1093,0
DA:1094,0
DA:1095,0
DA:1096,0
DA:1097,0
DA:1098,0
DA:1099,0
DA:1100,0
DA:1101,0
DA:1102,0
DA:1103,0
DA:1104,0
DA:1105,0
DA:1106,0
DA:1107,0
DA:1108,0
DA:1109,0
DA:1110,0
DA:1111,0
DA:1112,0
DA:1113,0
DA:1114,0
DA:1115,0
DA:1116,0
DA:1117,0
DA:1118,0
DA:1119,0
DA:1120,0
DA:1121,0
DA:1122,0
DA:1123,0
DA:1124,0
DA:1125,0
DA:1126,0
DA:1127,0
DA:1128,0
DA:1129,0
DA:1130,0
DA:1131,0
DA:1132,0
DA:1133,0
DA:1134,0
DA:1135,0
DA:1136,0
DA:1137,0
DA:1138,0
DA:1139,0
DA:1140,0
DA:1141,0
DA:1142,0
DA:1143,0
DA:1144,0
DA:1145,0
DA:1146,0
DA:1147,0
DA:1148,0
DA:1149,0
DA:1150,0
DA:1151,0
DA:1152,0
DA:1153,0
DA:1154,0
DA:1155,0
DA:1156,0
DA:1157,0
DA:1158,0
DA:1159,0
DA:1160,0
DA:1161,0
DA:1162,0
DA:1163,0
DA:1164,0
DA:1165,0
DA:1166,0
DA:1167,0
DA:1168,0
DA:1169,0
DA:1170,0
DA:1171,0
DA:1172,0
DA:1173,0
DA:1174,0
DA:1175,0
DA:1176,0
DA:1177,0
DA:1178,0
DA:1179,0
DA:1180,0
DA:1181,0
DA:1182,0
DA:1183,0
DA:1184,0
DA:1185,0
DA:1186,0
DA:1187,0
DA:1188,0
DA:1189,0
DA:1190,0
DA:1191,0
DA:1192,0
DA:1193,0
DA:1194,0
DA:1195,0
DA:1196,0
DA:1197,0
DA:1198,0
DA:1199,0
DA:1200,0
DA:1201,0
DA:1202,0
DA:1203,0
DA:1204,0
DA:1205,0
DA:1206,0
DA:1207,0
DA:1208,0
DA:1209,0
DA:1210,0
DA:1211,0
DA:1212,0
DA:1213,0
DA:1214,0
DA:1215,0
DA:1216,0
DA:1217,0
DA:1218,0
DA:1219,0
DA:1220,0
DA:1221,0
DA:1222,0
DA:1223,0
DA:1224,0
DA:1225,0
DA:1226,0
DA:1227,0
DA:1228,0
DA:1229,0
DA:1230,0
DA:1231,0
DA:1232,0
DA:1233,0
DA:1234,0
DA:1235,0
DA:1236,0
DA:1237,0
DA:1238,0
DA:1239,0
DA:1240,0
DA:1241,0
DA:1242,0
DA:1243,0
DA:1244,0
DA:1245,0
DA:1246,0
DA:1247,0
DA:1248,0
DA:1249,0
DA:1250,0
DA:1251,0
DA:1252,0
DA:1253,0
DA:1254,0
DA:1255,0
DA:1256,0
DA:1257,0
DA:1258,0
DA:1259,0
DA:1260,0
DA:1261,0
DA:1262,0
DA:1263,0
DA:1264,0
DA:1265,0
DA:1266,0
DA:1267,0
DA:1268,0
DA:1269,0
DA:1270,0
DA:1271,0
DA:1272,0
DA:1273,0
DA:1274,0
DA:1275,0
DA:1276,0
DA:1277,0
DA:1278,0
DA:1279,0
DA:1280,0
DA:1281,0
DA:1282,0
DA:1283,0
DA:1284,0
DA:1285,0
DA:1286,0
DA:1287,0
DA:1288,0
DA:1289,0
DA:1290,0
DA:1291,0
DA:1292,0
DA:1293,0
DA:1294,0
DA:1295,0
DA:1296,0
DA:1297,0
DA:1298,0
DA:1299,0
DA:1300,0
DA:1301,0
DA:1302,0
DA:1303,0
DA:1304,0
DA:1305,0
DA:1306,0
DA:1307,0
DA:1308,0
DA:1309,0
DA:1310,0
DA:1311,0
DA:1312,0
DA:1313,0
DA:1314,0
DA:1315,0
DA:1316,0
DA:1317,0
DA:1318,0
DA:1319,0
DA:1320,0
DA:1321,0
DA:1322,0
DA:1323,0
DA:1324,0
DA:1325,0
DA:1326,0
DA:1327,0
DA:1328,0
DA:1329,0
DA:1330,0
DA:1331,0
DA:1332,0
DA:1333,0
DA:1334,0
DA:1335,0
DA:1336,0
DA:1337,0
DA:1338,0
DA:1339,0
DA:1340,0
DA:1341,0
DA:1342,0
DA:1343,0
DA:1344,0
DA:1345,0
DA:1346,0
DA:1347,0
DA:1348,0
DA:1349,0
DA:1350,0
DA:1351,0
DA:1352,0
DA:1353,0
DA:1354,0
DA:1355,0
DA:1356,0
DA:1357,0
DA:1358,0
DA:1359,0
DA:1360,0
DA:1361,0
DA:1362,0
DA:1363,0
DA:1364,0
DA:1365,0
DA:1366,0
DA:1367,0
DA:1368,0
DA:1369,0
DA:1370,0
DA:1371,0
DA:1372,0
DA:1373,0
DA:1374,0
DA:1375,0
DA:1376,0
DA:1377,0
DA:1378,0
DA:1379,0
DA:1380,0
DA:1381,0
DA:1382,0
DA:1383,0
DA:1384,0
DA:1385,0
DA:1386,0
DA:1387,0
DA:1388,0
DA:1389,0
DA:1390,0
DA:1391,0
DA:1392,0
DA:1393,0
DA:1394,0
DA:1395,0
DA:1396,0
DA:1397,0
DA:1398,0
DA:1399,0
DA:1400,0
DA:1401,0
DA:1402,0
DA:1403,0
DA:1404,0
DA:1405,0
DA:1406,0
DA:1407,0
DA:1408,0
DA:1409,0
DA:1410,0
DA:1411,0
DA:1412,0
DA:1413,0
DA:1414,0
DA:1415,0
DA:1416,0
DA:1417,0
DA:1418,0
DA:1419,0
DA:1420,0
DA:1421,0
DA:1422,0
DA:1423,0
DA:1424,0
DA:1425,0
DA:1426,0
DA:1427,0
DA:1428,0
DA:1429,0
DA:1430,0
DA:1431,0
DA:1432,0
DA:1433,0
DA:1434,0
DA:1435,0
DA:1436,0
DA:1437,0
DA:1438,0
DA:1439,0
DA:1440,0
DA:1441,0
DA:1442,0
DA:1443,0
DA:1444,0
DA:1445,0
DA:1446,0
DA:1447,0
DA:1448,0
DA:1449,0
DA:1450,0
DA:1451,0
DA:1452,0
DA:1453,0
DA:1454,0
DA:1455,0
DA:1456,0
DA:1457,0
DA:1458,0
DA:1459,0
DA:1460,0
DA:1461,0
DA:1465,3
DA:1467,0
DA:1468,0
DA:1469,0
DA:1470,0
DA:1471,0
DA:1472,0
DA:1473,0
DA:1474,0
DA:1475,0
DA:1476,0
DA:1477,0
DA:1478,2
DA:1481,0
DA:1482,0
DA:1483,0
DA:1484,0
DA:1485,0
DA:1486,0
DA:1487,0
DA:1488,2
LF:1491
LH:61
end_of_record
TN:
SF:src/server/tui.ts
FNF:3
FNH:0
DA:1,28
DA:2,43
DA:9,31
DA:10,32
DA:12,0
DA:13,0
DA:14,0
DA:15,0
DA:16,0
DA:17,0
DA:18,1
DA:21,34
DA:22,0
DA:23,0
DA:25,2
DA:26,0
DA:27,0
DA:28,0
DA:30,2
LF:31
LH:8
end_of_record
TN:
SF:src/session/compaction.ts
FNF:4
FNH:1
DA:1,34
DA:2,28
DA:3,38
DA:4,47
DA:5,48
DA:6,38
DA:7,41
DA:8,40
DA:9,29
DA:10,23
DA:12,41
DA:13,36
DA:14,38
DA:15,34
DA:17,81
DA:18,60
DA:20,31
DA:21,21
DA:22,21
DA:23,16
DA:24,25
DA:25,2
DA:26,3
DA:27,3
DA:29,0
DA:30,0
DA:31,0
DA:32,0
DA:33,0
DA:34,0
DA:35,0
DA:36,2
DA:39,42
DA:40,41
DA:45,0
DA:46,0
DA:47,0
DA:48,0
DA:49,0
DA:50,0
DA:51,0
DA:52,0
DA:53,0
DA:54,0
DA:55,0
DA:56,0
DA:57,0
DA:58,0
DA:59,0
DA:60,0
DA:61,0
DA:62,0
DA:63,0
DA:64,0
DA:65,0
DA:66,0
DA:67,0
DA:68,0
DA:69,0
DA:70,0
DA:71,0
DA:72,0
DA:73,0
DA:74,0
DA:75,0
DA:76,0
DA:77,0
DA:78,0
DA:79,0
DA:80,0
DA:81,0
DA:82,2
DA:85,0
DA:86,0
DA:87,0
DA:88,0
DA:89,0
DA:90,0
DA:91,0
DA:92,0
DA:93,0
DA:94,0
DA:95,0
DA:96,0
DA:97,0
DA:98,0
DA:99,0
DA:100,0
DA:101,0
DA:102,0
DA:103,0
DA:104,0
DA:105,0
DA:106,0
DA:107,0
DA:108,0
DA:109,0
DA:110,0
DA:111,0
DA:112,0
DA:113,0
DA:114,0
DA:115,0
DA:116,0
DA:117,0
DA:118,0
DA:119,0
DA:120,0
DA:121,0
DA:122,0
DA:123,0
DA:124,0
DA:125,0
DA:126,0
DA:127,0
DA:128,0
DA:129,0
DA:130,0
DA:131,0
DA:132,0
DA:133,0
DA:134,0
DA:135,0
DA:136,0
DA:137,0
DA:138,0
DA:139,0
DA:140,0
DA:141,0
DA:142,0
DA:143,0
DA:144,0
DA:145,0
DA:146,0
DA:147,0
DA:148,0
DA:149,0
DA:150,0
DA:151,0
DA:152,0
DA:153,0
DA:154,0
DA:155,0
DA:156,0
DA:157,0
DA:158,0
DA:159,0
DA:160,0
DA:161,0
DA:162,0
DA:163,0
DA:164,0
DA:165,0
DA:166,0
DA:167,0
DA:168,0
DA:169,0
DA:170,0
DA:171,0
DA:172,0
DA:173,0
DA:174,0
LF:178
LH:28
end_of_record
TN:
SF:src/session/index.ts
FNF:24
FNH:1
DA:1,0
DA:2,0
DA:3,0
DA:4,0
DA:5,0
DA:6,0
DA:7,0
DA:8,0
DA:9,0
DA:10,0
DA:11,0
DA:12,0
DA:13,0
DA:14,0
DA:15,0
DA:16,0
DA:17,0
DA:18,0
DA:19,0
DA:20,0
DA:21,0
DA:22,0
DA:23,0
DA:24,0
DA:25,0
DA:26,0
DA:27,0
DA:28,0
DA:29,0
DA:30,0
DA:31,0
DA:32,0
DA:33,0
DA:34,0
DA:35,0
DA:36,0
DA:37,0
DA:38,0
DA:39,0
DA:40,0
DA:41,0
DA:42,0
DA:43,0
DA:44,0
DA:45,0
DA:46,0
DA:47,0
DA:48,0
DA:49,0
DA:50,0
DA:51,0
DA:52,0
DA:53,0
DA:54,0
DA:55,0
DA:56,0
DA:57,0
DA:58,0
DA:59,0
DA:60,0
DA:61,0
DA:62,0
DA:63,0
DA:64,0
DA:65,0
DA:66,0
DA:67,0
DA:68,0
DA:69,0
DA:70,0
DA:71,0
DA:72,0
DA:73,0
DA:74,0
DA:75,0
DA:76,0
DA:77,0
DA:78,0
DA:79,0
DA:80,0
DA:81,0
DA:82,0
DA:83,0
DA:84,0
DA:85,0
DA:86,0
DA:87,0
DA:88,0
DA:89,0
DA:90,0
DA:91,0
DA:92,0
DA:93,0
DA:94,0
DA:95,0
DA:96,0
DA:97,0
DA:98,0
DA:99,0
DA:100,0
DA:101,0
DA:102,0
DA:103,0
DA:104,0
DA:105,0
DA:106,0
DA:107,0
DA:108,0
DA:109,0
DA:110,0
DA:111,0
DA:112,0
DA:113,0
DA:114,0
DA:115,0
DA:116,0
DA:117,0
DA:118,0
DA:119,0
DA:120,0
DA:121,0
DA:122,0
DA:123,0
DA:124,0
DA:125,0
DA:126,0
DA:127,0
DA:128,0
DA:129,0
DA:130,0
DA:131,0
DA:132,0
DA:133,0
DA:134,0
DA:135,0
DA:136,0
DA:137,0
DA:138,0
DA:139,0
DA:140,0
DA:141,0
DA:142,0
DA:143,0
DA:144,0
DA:145,0
DA:146,0
DA:147,0
DA:148,0
DA:149,0
DA:150,0
DA:151,0
DA:152,0
DA:153,0
DA:154,0
DA:155,0
DA:156,0
DA:157,0
DA:158,0
DA:159,0
DA:160,0
DA:161,0
DA:162,0
DA:163,0
DA:164,0
DA:165,0
DA:166,0
DA:167,0
DA:168,0
DA:169,0
DA:170,0
DA:171,0
DA:172,0
DA:173,0
DA:174,0
DA:175,0
DA:176,0
DA:177,0
DA:178,0
DA:179,0
DA:180,0
DA:181,0
DA:182,0
DA:183,0
DA:184,0
DA:185,0
DA:186,0
DA:187,0
DA:188,0
DA:189,0
DA:190,0
DA:191,0
DA:192,0
DA:193,0
DA:194,0
DA:195,0
DA:196,0
DA:197,0
DA:198,0
DA:199,0
DA:200,0
DA:201,0
DA:202,0
DA:203,0
DA:204,0
DA:205,0
DA:206,0
DA:207,0
DA:208,0
DA:209,0
DA:210,0
DA:211,0
DA:212,0
DA:213,0
DA:214,0
DA:215,0
DA:216,0
DA:217,0
DA:218,0
DA:219,0
DA:220,0
DA:221,0
DA:222,0
DA:223,0
DA:224,0
DA:225,0
DA:226,0
DA:227,0
DA:228,0
DA:229,0
DA:230,0
DA:231,0
DA:232,0
DA:233,0
DA:234,0
DA:235,0
DA:236,0
DA:237,0
DA:238,0
DA:239,0
DA:240,0
DA:241,0
DA:242,0
DA:243,0
DA:244,0
DA:245,0
DA:246,0
DA:247,0
DA:248,0
DA:249,0
DA:250,0
DA:251,0
DA:252,0
DA:253,0
DA:254,0
DA:255,0
DA:256,0
DA:257,0
DA:258,0
DA:259,0
DA:260,0
DA:261,0
DA:262,0
DA:263,0
DA:264,0
DA:265,0
DA:266,0
DA:267,0
DA:268,0
DA:269,0
DA:270,0
DA:271,0
DA:272,0
DA:273,0
DA:274,0
DA:275,0
DA:276,0
DA:277,0
DA:278,0
DA:279,0
DA:280,0
DA:281,0
DA:282,0
DA:283,0
DA:284,0
DA:285,0
DA:286,0
DA:287,0
DA:288,0
DA:289,0
DA:290,0
DA:291,0
DA:292,0
DA:293,0
DA:294,0
DA:295,0
DA:296,0
DA:297,0
DA:298,0
DA:299,0
DA:300,0
DA:301,0
DA:302,0
DA:303,0
DA:304,0
DA:305,0
DA:306,0
DA:307,0
DA:308,0
DA:309,0
DA:310,0
DA:311,0
DA:312,0
DA:313,0
DA:314,0
DA:315,0
DA:316,0
DA:317,0
DA:318,0
DA:319,0
DA:320,0
DA:321,0
DA:322,0
DA:323,0
DA:324,0
DA:325,0
DA:326,0
DA:327,0
DA:328,0
DA:329,0
DA:330,0
DA:331,0
DA:332,0
DA:333,0
DA:334,0
DA:335,0
DA:336,0
DA:337,0
DA:338,0
DA:339,0
DA:340,0
DA:341,0
DA:342,0
DA:343,0
DA:344,0
DA:345,0
DA:346,0
DA:347,0
DA:348,0
DA:349,0
DA:350,0
DA:351,0
DA:352,0
DA:353,0
DA:354,0
DA:355,0
DA:356,0
DA:357,0
DA:358,0
DA:359,0
DA:360,0
DA:361,0
DA:362,0
DA:363,0
DA:364,0
DA:365,0
DA:366,0
DA:367,0
DA:368,0
DA:369,0
DA:370,0
DA:371,0
DA:372,0
DA:373,0
DA:374,0
DA:375,0
DA:376,0
DA:377,0
DA:378,0
DA:379,0
DA:380,3
DA:382,24
DA:383,14
DA:384,44
DA:385,24
DA:386,27
DA:387,41
DA:388,3
DA:389,0
DA:390,0
DA:391,0
DA:392,0
DA:393,0
DA:394,0
DA:395,0
DA:396,0
DA:397,0
DA:398,0
DA:399,0
DA:400,0
DA:401,0
DA:402,0
DA:403,0
DA:404,0
DA:407,5
LF:409
LH:9
end_of_record
TN:
SF:src/session/message-v2.ts
FNF:4
FNH:1
DA:1,23
DA:2,29
DA:3,43
DA:5,44
DA:6,38
DA:7,29
DA:9,57
DA:10,92
DA:11,103
DA:12,40
DA:13,21
DA:14,14
DA:15,27
DA:16,21
DA:17,2
DA:18,4
DA:20,31
DA:21,19
DA:22,26
DA:23,23
DA:24,5
DA:26,46
DA:27,32
DA:28,22
DA:29,13
DA:30,21
DA:31,5
DA:34,43
DA:35,29
DA:36,21
DA:37,27
DA:38,13
DA:39,18
DA:40,5
DA:43,42
DA:44,28
DA:45,21
DA:46,38
DA:47,8
DA:48,14
DA:49,24
DA:50,30
DA:51,3
DA:52,15
DA:53,52
DA:54,13
DA:55,17
DA:56,5
DA:59,47
DA:60,33
DA:61,21
DA:62,55
DA:63,22
DA:64,24
DA:65,30
DA:66,4
DA:67,13
DA:68,22
DA:69,5
DA:72,41
DA:73,8
DA:74,14
DA:75,24
DA:76,30
DA:77,25
DA:78,3
DA:79,12
DA:80,29
DA:81,4
DA:82,5
DA:84,54
DA:85,28
DA:86,18
DA:87,13
DA:88,19
DA:89,5
DA:91,56
DA:92,30
DA:93,21
DA:94,21
DA:95,21
DA:96,24
DA:97,13
DA:98,21
DA:99,5
DA:101,114
DA:102,23
DA:103,5
DA:105,42
DA:106,28
DA:107,21
DA:108,36
DA:109,20
DA:110,45
DA:111,13
DA:112,17
DA:113,5
DA:116,43
DA:117,29
DA:118,21
DA:119,10
DA:120,14
DA:121,24
DA:122,30
DA:123,25
DA:124,3
DA:125,12
DA:126,13
DA:127,18
DA:128,5
DA:131,47
DA:132,31
DA:133,13
DA:134,22
DA:135,5
DA:138,48
DA:139,35
DA:140,21
DA:141,24
DA:142,24
DA:143,25
DA:144,28
DA:145,25
DA:146,25
DA:147,23
DA:148,6
DA:149,4
DA:150,13
DA:151,23
DA:152,5
DA:155,31
DA:156,12
DA:157,30
DA:158,3
DA:159,10
DA:160,25
DA:161,5
DA:165,31
DA:166,12
DA:167,33
DA:168,19
DA:169,33
DA:170,55
DA:171,22
DA:172,21
DA:173,4
DA:174,3
DA:175,10
DA:176,25
DA:177,5
DA:180,33
DA:181,12
DA:182,35
DA:183,41
DA:184,23
DA:185,22
DA:186,44
DA:187,22
DA:188,24
DA:189,22
DA:190,36
DA:191,7
DA:192,52
DA:193,3
DA:194,10
DA:195,27
DA:196,5
DA:199,29
DA:200,12
DA:201,31
DA:202,41
DA:203,22
DA:204,55
DA:205,22
DA:206,24
DA:207,19
DA:208,4
DA:209,3
DA:210,10
DA:211,23
DA:212,5
DA:215,24
DA:216,143
DA:217,10
DA:218,18
DA:219,5
DA:221,42
DA:222,28
DA:223,23
DA:224,21
DA:225,31
DA:226,52
DA:227,13
DA:228,17
DA:229,5
DA:232,27
DA:233,19
DA:234,23
DA:235,5
DA:237,34
DA:238,28
DA:239,22
DA:240,23
DA:241,4
DA:242,13
DA:243,20
DA:244,5
DA:247,19
DA:248,32
DA:249,23
DA:250,28
DA:251,23
DA:252,23
DA:253,28
DA:254,29
DA:255,27
DA:256,24
DA:257,21
DA:258,3
DA:259,10
DA:260,13
DA:261,5
DA:264,39
DA:265,33
DA:266,22
DA:267,26
DA:268,36
DA:269,7
DA:270,9
DA:271,34
DA:272,33
DA:273,32
DA:274,41
DA:275,33
DA:276,3
DA:277,15
DA:278,31
DA:279,24
DA:280,27
DA:281,21
DA:282,22
DA:283,22
DA:284,20
DA:285,7
DA:286,36
DA:287,21
DA:288,24
DA:289,24
DA:290,25
DA:291,28
DA:292,25
DA:293,25
DA:294,23
DA:295,6
DA:296,4
DA:297,13
DA:298,25
DA:299,5
DA:302,95
DA:303,16
DA:304,5
DA:307,23
DA:308,19
DA:309,19
DA:310,16
DA:311,24
DA:312,2
DA:313,6
DA:314,19
DA:315,19
DA:316,16
DA:317,28
DA:318,25
DA:319,2
DA:320,6
DA:321,23
DA:322,24
DA:323,16
DA:324,24
DA:325,2
DA:326,6
DA:327,23
DA:328,24
DA:329,16
DA:330,28
DA:331,28
DA:332,22
DA:333,2
DA:334,3
DA:335,4
DA:337,36
DA:338,25
DA:339,32
DA:340,4
DA:343,0
DA:344,0
DA:345,0
DA:346,0
DA:347,0
DA:348,0
DA:349,0
DA:350,0
DA:351,0
DA:352,0
DA:353,0
DA:354,0
DA:355,0
DA:356,0
DA:357,0
DA:358,0
DA:359,0
DA:360,0
DA:361,0
DA:362,0
DA:363,0
DA:364,0
DA:365,0
DA:366,0
DA:367,0
DA:368,0
DA:369,0
DA:370,0
DA:371,0
DA:372,0
DA:373,0
DA:374,0
DA:375,0
DA:376,0
DA:377,0
DA:378,0
DA:379,0
DA:380,0
DA:381,0
DA:382,0
DA:383,0
DA:384,0
DA:385,0
DA:386,0
DA:387,0
DA:388,0
DA:389,0
DA:390,0
DA:391,0
DA:392,0
DA:393,0
DA:394,0
DA:395,0
DA:396,0
DA:397,0
DA:398,0
DA:399,0
DA:400,0
DA:401,0
DA:402,0
DA:403,0
DA:404,0
DA:405,0
DA:406,0
DA:407,0
DA:408,0
DA:409,0
DA:410,0
DA:411,0
DA:412,0
DA:413,0
DA:414,0
DA:415,0
DA:416,0
DA:417,0
DA:418,0
DA:419,0
DA:420,0
DA:421,0
DA:422,0
DA:423,0
DA:424,0
DA:425,0
DA:426,0
DA:427,0
DA:428,0
DA:429,0
DA:430,0
DA:431,0
DA:432,0
DA:433,0
DA:434,0
DA:435,0
DA:436,0
DA:437,0
DA:438,0
DA:439,0
DA:440,0
DA:441,0
DA:442,0
DA:443,0
DA:444,0
DA:445,0
DA:446,0
DA:447,0
DA:448,0
DA:449,0
DA:450,0
DA:451,0
DA:452,0
DA:453,0
DA:454,0
DA:455,0
DA:456,0
DA:457,0
DA:458,0
DA:459,0
DA:460,0
DA:461,0
DA:462,0
DA:463,0
DA:464,0
DA:465,0
DA:466,0
DA:467,0
DA:468,0
DA:469,0
DA:470,0
DA:471,0
DA:472,0
DA:473,0
DA:474,2
DA:477,0
DA:478,0
DA:479,0
DA:480,0
DA:481,0
DA:482,0
DA:483,0
DA:484,0
DA:485,0
DA:486,0
DA:487,0
DA:488,0
DA:489,0
DA:490,0
DA:491,0
DA:492,0
DA:493,0
DA:494,0
DA:495,0
DA:496,0
DA:497,0
DA:498,0
DA:499,0
DA:500,0
DA:501,0
DA:502,0
DA:503,0
DA:504,0
DA:505,0
DA:506,0
DA:507,0
DA:508,0
DA:509,0
DA:510,0
DA:511,0
DA:512,0
DA:513,0
DA:514,0
DA:515,0
DA:516,0
DA:517,0
DA:518,0
DA:519,0
DA:520,0
DA:521,0
DA:522,0
DA:523,0
DA:524,0
DA:525,0
DA:526,0
DA:527,0
DA:528,0
DA:529,0
DA:530,0
DA:531,0
DA:532,0
DA:533,0
DA:534,0
DA:535,0
DA:536,0
DA:537,0
DA:538,0
DA:539,0
DA:540,0
DA:541,0
DA:542,0
DA:543,0
DA:544,0
DA:545,0
DA:546,0
DA:547,0
DA:548,0
DA:549,0
DA:550,0
DA:551,0
DA:552,0
DA:553,0
DA:554,0
DA:555,0
DA:556,0
DA:557,0
DA:558,0
DA:559,0
DA:560,0
DA:561,0
DA:562,0
DA:563,0
DA:564,0
DA:565,0
DA:566,0
DA:567,0
DA:568,0
DA:569,0
DA:570,0
DA:571,0
DA:572,0
DA:573,0
DA:574,0
DA:575,0
DA:576,0
DA:577,0
DA:578,0
DA:579,0
DA:580,0
DA:581,0
DA:582,0
DA:583,0
DA:584,0
DA:585,0
DA:586,0
DA:587,0
DA:588,0
DA:589,0
DA:590,0
DA:591,0
DA:592,0
DA:593,2
DA:596,0
DA:597,0
DA:598,0
DA:599,2
LF:602
LH:297
end_of_record
TN:
SF:src/session/prompt.ts
FNF:17
FNH:1
DA:1,29
DA:2,25
DA:3,34
DA:4,23
DA:5,38
DA:6,41
DA:7,34
DA:8,41
DA:9,28
DA:10,39
DA:11,48
DA:12,119
DA:24,49
DA:25,47
DA:26,29
DA:27,58
DA:28,40
DA:29,35
DA:31,53
DA:32,62
DA:34,38
DA:35,41
DA:36,48
DA:37,44
DA:38,29
DA:39,29
DA:40,40
DA:41,38
DA:42,40
DA:43,40
DA:44,43
DA:45,39
DA:46,43
DA:47,28
DA:48,43
DA:49,37
DA:50,41
DA:51,52
DA:53,69
DA:54,56
DA:55,0
DA:56,0
DA:57,0
DA:58,0
DA:59,0
DA:60,0
DA:61,0
DA:62,0
DA:63,0
DA:64,0
DA:65,0
DA:66,0
DA:67,0
DA:68,0
DA:69,0
DA:70,0
DA:71,0
DA:72,0
DA:73,0
DA:74,0
DA:75,0
DA:76,0
DA:77,0
DA:78,0
DA:79,0
DA:80,0
DA:81,0
DA:82,0
DA:83,0
DA:84,0
DA:85,0
DA:86,0
DA:87,0
DA:88,0
DA:89,0
DA:90,0
DA:91,0
DA:92,0
DA:93,0
DA:94,0
DA:95,0
DA:96,0
DA:97,0
DA:98,0
DA:99,0
DA:100,0
DA:101,0
DA:102,0
DA:103,0
DA:104,0
DA:105,0
DA:106,0
DA:107,0
DA:108,0
DA:109,0
DA:110,0
DA:111,0
DA:112,0
DA:113,0
DA:114,0
DA:115,0
DA:116,0
DA:117,0
DA:118,0
DA:119,0
DA:120,0
DA:121,0
DA:122,0
DA:123,0
DA:124,0
DA:125,0
DA:126,0
DA:127,0
DA:128,0
DA:129,0
DA:130,0
DA:131,0
DA:132,0
DA:133,0
DA:134,0
DA:135,0
DA:136,0
DA:137,0
DA:138,0
DA:139,0
DA:140,0
DA:141,0
DA:142,0
DA:143,0
DA:144,0
DA:145,0
DA:146,0
DA:147,0
DA:148,0
DA:149,0
DA:150,0
DA:151,0
DA:152,0
DA:153,0
DA:154,0
DA:155,0
DA:156,0
DA:157,0
DA:158,0
DA:159,0
DA:160,0
DA:161,0
DA:162,0
DA:163,0
DA:164,0
DA:165,0
DA:166,0
DA:167,0
DA:168,0
DA:169,0
DA:170,0
DA:171,0
DA:172,0
DA:173,0
DA:174,0
DA:175,0
DA:176,0
DA:177,0
DA:178,0
DA:179,0
DA:180,0
DA:181,0
DA:182,0
DA:183,0
DA:184,0
DA:185,0
DA:186,0
DA:187,0
DA:188,0
DA:189,0
DA:190,0
DA:191,0
DA:192,0
DA:193,0
DA:194,0
DA:195,0
DA:196,0
DA:197,0
DA:198,0
DA:199,0
DA:200,0
DA:201,0
DA:202,0
DA:203,0
DA:204,0
DA:205,0
DA:206,0
DA:207,0
DA:208,0
DA:209,0
DA:210,0
DA:211,0
DA:212,0
DA:213,0
DA:214,0
DA:215,0
DA:216,0
DA:217,0
DA:218,0
DA:219,0
DA:220,0
DA:221,0
DA:222,0
DA:223,0
DA:224,0
DA:225,0
DA:226,0
DA:227,0
DA:228,0
DA:229,0
DA:230,0
DA:231,0
DA:232,0
DA:233,0
DA:234,0
DA:235,0
DA:236,0
DA:237,0
DA:238,0
DA:239,0
DA:240,0
DA:241,0
DA:242,0
DA:243,0
DA:244,0
DA:245,0
DA:246,0
DA:247,0
DA:248,0
DA:249,0
DA:250,0
DA:251,0
DA:252,0
DA:253,0
DA:254,0
DA:255,0
DA:256,0
DA:257,0
DA:258,0
DA:259,0
DA:260,0
DA:261,0
DA:262,0
DA:263,0
DA:264,0
DA:265,0
DA:266,0
DA:267,0
DA:268,0
DA:269,0
DA:270,0
DA:271,0
DA:272,0
DA:273,0
DA:274,0
DA:275,0
DA:276,0
DA:277,0
DA:278,0
DA:279,0
DA:280,0
DA:281,0
DA:282,0
DA:283,0
DA:284,0
DA:285,0
DA:286,0
DA:287,0
DA:288,0
DA:289,0
DA:290,0
DA:291,0
DA:292,0
DA:293,0
DA:294,0
DA:295,0
DA:296,0
DA:297,0
DA:298,0
DA:299,0
DA:300,0
DA:301,0
DA:302,0
DA:303,0
DA:304,0
DA:305,0
DA:306,0
DA:307,0
DA:308,0
DA:309,0
DA:310,0
DA:311,0
DA:312,0
DA:313,0
DA:314,0
DA:315,0
DA:316,0
DA:317,0
DA:318,0
DA:319,0
DA:320,0
DA:321,0
DA:322,0
DA:323,0
DA:324,0
DA:325,0
DA:326,0
DA:327,0
DA:328,0
DA:329,0
DA:330,0
DA:331,0
DA:332,0
DA:333,0
DA:334,0
DA:335,0
DA:336,0
DA:337,0
DA:338,0
DA:339,0
DA:340,0
DA:341,0
DA:345,0
DA:346,0
DA:347,0
DA:348,0
DA:349,0
DA:350,0
DA:351,0
DA:352,0
DA:353,0
DA:354,0
DA:355,0
DA:356,0
DA:357,0
DA:358,0
DA:359,0
DA:360,0
DA:361,0
DA:362,0
DA:363,0
DA:364,0
DA:365,0
DA:366,0
DA:367,0
DA:368,0
DA:369,0
DA:370,0
DA:371,0
DA:372,0
DA:373,0
DA:374,0
DA:375,0
DA:376,0
DA:377,0
DA:378,0
DA:379,0
DA:380,0
DA:381,0
DA:382,0
DA:383,0
DA:384,0
DA:385,0
DA:386,0
DA:387,1
DA:390,0
DA:391,0
DA:392,0
DA:393,0
DA:394,0
DA:395,0
DA:396,0
DA:397,1
DA:400,0
DA:401,0
DA:402,0
DA:403,0
DA:404,0
DA:405,0
DA:406,0
DA:407,0
DA:408,0
DA:409,0
DA:410,0
DA:411,0
DA:412,0
DA:413,0
DA:414,0
DA:415,0
DA:416,0
DA:417,0
DA:418,0
DA:419,1
DA:422,0
DA:423,0
DA:424,0
DA:425,0
DA:426,0
DA:427,0
DA:428,0
DA:429,0
DA:430,0
DA:431,0
DA:432,0
DA:433,0
DA:434,0
DA:435,0
DA:436,0
DA:437,0
DA:438,0
DA:439,0
DA:440,0
DA:441,0
DA:442,0
DA:443,0
DA:444,0
DA:445,0
DA:446,0
DA:447,0
DA:448,0
DA:449,0
DA:450,0
DA:451,0
DA:452,0
DA:453,0
DA:454,0
DA:455,0
DA:456,0
DA:457,0
DA:458,0
DA:459,0
DA:460,0
DA:461,0
DA:462,0
DA:463,0
DA:464,0
DA:465,0
DA:466,0
DA:467,0
DA:468,0
DA:469,0
DA:470,0
DA:471,0
DA:472,0
DA:473,0
DA:474,0
DA:475,0
DA:476,0
DA:477,0
DA:478,0
DA:479,0
DA:480,0
DA:481,0
DA:482,0
DA:483,0
DA:484,0
DA:485,0
DA:486,0
DA:487,0
DA:488,0
DA:489,0
DA:490,0
DA:491,0
DA:492,0
DA:493,0
DA:494,0
DA:495,0
DA:496,0
DA:497,0
DA:498,0
DA:499,0
DA:500,0
DA:501,0
DA:502,0
DA:503,0
DA:504,0
DA:505,0
DA:506,0
DA:507,0
DA:508,0
DA:509,0
DA:510,0
DA:511,0
DA:512,0
DA:513,0
DA:514,0
DA:515,0
DA:516,0
DA:517,0
DA:518,0
DA:519,0
DA:520,0
DA:521,0
DA:522,0
DA:523,0
DA:524,0
DA:525,0
DA:526,0
DA:527,0
DA:528,0
DA:529,0
DA:530,0
DA:531,0
DA:532,0
DA:533,0
DA:534,0
DA:535,0
DA:536,0
DA:537,0
DA:538,0
DA:539,0
DA:540,0
DA:541,0
DA:542,0
DA:543,0
DA:544,0
DA:545,0
DA:546,0
DA:547,0
DA:548,1
DA:551,0
DA:552,0
DA:553,0
DA:554,0
DA:555,0
DA:556,0
DA:557,0
DA:558,0
DA:559,0
DA:560,0
DA:561,0
DA:562,0
DA:563,0
DA:564,0
DA:565,0
DA:566,0
DA:567,0
DA:568,0
DA:569,0
DA:570,0
DA:571,0
DA:572,0
DA:573,0
DA:574,0
DA:575,0
DA:576,0
DA:577,0
DA:578,0
DA:579,0
DA:580,0
DA:581,0
DA:582,0
DA:583,0
DA:584,0
DA:585,0
DA:586,0
DA:587,0
DA:588,0
DA:589,0
DA:590,0
DA:591,0
DA:592,0
DA:593,0
DA:594,0
DA:595,0
DA:596,0
DA:597,0
DA:598,0
DA:599,0
DA:600,0
DA:601,0
DA:602,0
DA:603,0
DA:604,0
DA:605,0
DA:606,0
DA:607,0
DA:608,0
DA:609,0
DA:610,0
DA:611,0
DA:612,0
DA:613,0
DA:614,0
DA:615,0
DA:616,0
DA:617,0
DA:618,0
DA:619,0
DA:620,0
DA:621,0
DA:622,0
DA:623,0
DA:624,0
DA:625,0
DA:626,0
DA:627,0
DA:628,0
DA:629,0
DA:630,0
DA:631,0
DA:632,0
DA:633,0
DA:634,0
DA:635,0
DA:636,0
DA:637,0
DA:638,0
DA:639,0
DA:640,0
DA:641,0
DA:642,0
DA:643,0
DA:644,0
DA:645,0
DA:646,0
DA:647,0
DA:648,0
DA:649,0
DA:650,0
DA:651,0
DA:652,0
DA:653,0
DA:654,0
DA:655,0
DA:656,0
DA:657,0
DA:658,0
DA:659,0
DA:660,0
DA:661,0
DA:662,0
DA:663,0
DA:664,0
DA:665,0
DA:666,0
DA:667,0
[...]
DA:132,0
DA:133,0
DA:134,0
DA:135,0
DA:136,0
DA:137,0
DA:138,0
DA:139,0
DA:140,1
DA:143,2
DA:145,0
DA:146,0
DA:147,0
DA:148,0
DA:149,0
DA:150,0
DA:151,0
DA:152,0
DA:153,0
DA:154,0
DA:155,0
DA:156,0
DA:157,0
DA:158,0
DA:159,0
DA:160,0
DA:161,0
DA:162,0
DA:163,0
DA:164,0
DA:165,0
DA:166,0
DA:167,0
DA:168,0
DA:169,0
DA:170,0
DA:171,0
DA:172,0
DA:173,0
DA:177,0
DA:178,0
DA:179,0
DA:180,0
DA:181,0
DA:182,0
DA:183,0
DA:184,0
DA:185,0
LF:188
LH:19
end_of_record
TN:
SF:src/tool/write.ts
FNF:1
FNH:0
DA:1,23
DA:2,34
DA:3,30
DA:4,29
DA:5,43
DA:6,38
DA:7,29
DA:8,31
DA:9,40
DA:10,48
DA:11,47
DA:12,39
DA:14,48
DA:15,27
DA:16,26
DA:17,109
DA:18,66
DA:19,0
DA:20,0
DA:21,0
DA:22,0
DA:23,0
DA:24,0
DA:25,0
DA:26,0
DA:27,0
DA:28,0
DA:29,0
DA:30,0
DA:31,0
DA:32,0
DA:33,0
DA:34,0
DA:35,0
DA:36,0
DA:37,0
DA:38,0
DA:39,0
DA:40,0
DA:41,0
DA:42,0
DA:43,0
DA:44,0
DA:45,0
DA:46,0
DA:47,0
DA:48,0
DA:49,0
DA:50,0
DA:51,0
DA:52,0
DA:53,0
DA:54,0
DA:55,0
DA:56,0
DA:57,0
DA:58,0
DA:59,0
DA:60,0
DA:61,0
DA:62,0
DA:63,0
DA:64,0
DA:65,0
DA:66,0
DA:67,0
DA:68,0
DA:69,0
DA:70,0
DA:71,1
DA:73,2
LF:74
LH:19
end_of_record
TN:
SF:src/util/context.ts
FNF:6
FNH:4
DA:1,0
DA:2,0
DA:3,0
DA:4,0
DA:5,0
DA:6,0
DA:7,0
DA:8,0
DA:9,0
DA:10,0
DA:11,0
DA:12,0
DA:13,0
DA:14,0
DA:15,0
DA:16,0
DA:17,0
DA:18,0
DA:19,0
DA:20,0
DA:21,33
DA:23,3
LF:26
LH:2
end_of_record
TN:
SF:src/util/defer.ts
FNF:1
FNH:0
DA:1,0
DA:2,0
DA:3,0
DA:4,0
DA:5,0
DA:6,0
DA:7,0
DA:8,0
DA:9,0
DA:10,0
LF:13
LH:0
end_of_record
TN:
SF:src/util/error.ts
FNF:7
FNH:3
DA:1,0
DA:2,0
DA:3,0
DA:4,0
DA:5,0
DA:6,80
DA:10,60
DA:11,51
DA:12,42
DA:13,84
DA:14,24
DA:15,9
DA:16,36
DA:17,39
DA:18,21
DA:19,141
DA:20,66
DA:22,53
DA:24,25
DA:25,147
DA:26,27
DA:27,27
DA:28,87
DA:29,109
DA:32,0
DA:33,123
DA:36,0
DA:37,59
DA:40,0
DA:41,0
DA:42,0
DA:43,0
DA:44,30
DA:46,18
DA:47,177
DA:48,64
DA:51,56
DA:52,32
DA:53,28
DA:54,42
DA:55,4
DA:56,6
DA:57,1
LF:58
LH:32
end_of_record
TN:
SF:src/util/filesystem.ts
FNF:8
FNH:6
DA:1,42
DA:2,52
DA:4,59
DA:5,0
DA:6,0
DA:7,0
DA:8,2
DA:11,53
DA:12,50
DA:15,54
DA:16,24
DA:17,22
DA:18,19
DA:19,43
DA:20,57
DA:21,39
DA:22,38
DA:23,41
DA:24,21
DA:25,4
DA:26,16
DA:29,34
DA:30,45
DA:31,24
DA:32,19
DA:33,38
DA:34,45
DA:35,52
DA:36,6
DA:37,39
DA:38,38
DA:39,41
DA:40,21
DA:41,5
DA:44,0
DA:45,0
DA:46,0
DA:47,0
DA:48,0
DA:49,0
DA:50,0
DA:51,0
DA:52,0
DA:53,0
DA:54,0
DA:55,0
DA:56,0
DA:57,0
DA:58,0
DA:59,0
DA:60,0
DA:61,0
DA:62,0
DA:63,0
DA:64,0
DA:65,0
DA:66,0
DA:67,2
LF:70
LH:32
end_of_record
TN:
SF:src/util/fn.ts
FNF:3
FNH:1
DA:3,21
DA:4,0
DA:5,0
DA:6,3
DA:8,17
DA:9,25
DA:10,13
LF:12
LH:5
end_of_record
TN:
SF:src/util/lazy.ts
FNF:2
FNH:2
DA:1,13
DA:2,12
DA:3,21
DA:5,17
DA:6,32
DA:7,18
DA:8,17
DA:9,12
LF:12
LH:8
end_of_record
TN:
SF:src/util/lock.ts
FNF:9
FNH:7
DA:1,42
DA:2,23
DA:12,11
DA:13,27
DA:14,24
DA:15,19
DA:16,22
DA:17,27
DA:18,24
DA:19,7
DA:20,4
DA:21,22
DA:24,11
DA:25,32
DA:26,54
DA:29,35
DA:30,0
DA:31,0
DA:32,0
DA:33,4
DA:36,38
DA:37,0
DA:38,0
DA:39,4
DA:42,118
DA:43,22
DA:44,3
DA:47,0
DA:48,0
DA:49,0
DA:50,0
DA:51,0
DA:52,0
DA:53,0
DA:54,0
DA:55,0
DA:56,0
DA:57,0
DA:58,0
DA:59,0
DA:60,0
DA:61,0
DA:62,0
DA:63,0
DA:64,0
DA:65,0
DA:66,0
DA:67,0
DA:68,0
DA:69,0
DA:70,2
DA:73,32
DA:74,26
DA:76,38
DA:77,48
DA:78,27
DA:79,20
DA:80,35
DA:81,32
DA:82,31
DA:84,9
DA:85,0
DA:86,0
DA:87,0
DA:88,0
DA:89,0
DA:90,0
DA:91,0
DA:92,0
DA:94,4
DA:96,4
LF:99
LH:35
end_of_record
TN:
SF:src/util/log.ts
FNF:21
FNH:11
DA:1,29
DA:2,34
DA:3,35
DA:4,23
DA:6,39
DA:7,109
DA:10,27
DA:11,13
DA:12,12
DA:13,12
DA:14,10
DA:15,4
DA:17,20
DA:19,13
DA:20,53
DA:39,26
DA:41,47
DA:49,18
DA:50,0
DA:51,2
DA:54,31
DA:55,48
DA:56,29
DA:57,27
DA:58,20
DA:59,17
DA:60,89
DA:61,5
DA:62,38
DA:63,45
DA:64,36
DA:65,0
DA:66,0
DA:67,0
DA:68,6
DA:72,10
DA:73,55
DA:74,36
DA:75,17
DA:76,15
DA:77,18
DA:78,2
DA:79,6
DA:80,31
DA:82,46
DA:83,73
DA:86,0
DA:87,0
DA:88,0
DA:89,0
DA:90,2
DA:93,23
DA:94,35
DA:95,22
DA:97,36
DA:98,50
DA:99,42
DA:100,11
DA:101,0
DA:102,4
DA:103,3
DA:105,0
DA:106,0
DA:107,0
DA:108,0
DA:109,0
DA:110,0
DA:111,0
DA:112,0
DA:113,0
DA:114,0
DA:115,0
DA:116,0
DA:117,0
DA:118,0
DA:119,0
DA:120,0
DA:121,4
DA:123,21
DA:124,0
DA:125,0
DA:126,0
DA:127,6
DA:129,26
DA:130,22
DA:131,0
DA:132,12
DA:134,0
DA:135,0
DA:136,0
DA:137,6
DA:139,26
DA:140,22
DA:141,0
DA:142,12
DA:144,0
DA:145,0
DA:146,6
DA:148,0
DA:149,6
DA:151,0
DA:152,0
DA:153,0
DA:154,0
DA:155,0
DA:156,0
DA:157,0
DA:158,0
DA:159,0
DA:160,0
DA:161,0
DA:162,0
DA:163,0
DA:164,0
DA:165,0
DA:166,4
DA:168,6
DA:170,50
DA:171,33
DA:172,4
DA:174,15
LF:177
LH:70
end_of_record
TN:
SF:src/util/queue.ts
FNF:4
FNH:0
DA:1,37
DA:2,26
DA:3,33
DA:5,0
DA:6,0
DA:7,0
DA:8,0
DA:9,0
DA:10,0
DA:11,0
DA:12,0
DA:13,0
DA:14,0
DA:15,0
DA:16,0
DA:17,47
DA:19,1
LF:20
LH:5
end_of_record
TN:
SF:src/util/timeout.ts
FNF:1
FNH:0
DA:1,0
DA:2,0
DA:3,0
DA:4,0
DA:5,0
DA:6,0
DA:7,0
DA:8,0
DA:9,0
DA:10,0
DA:11,0
DA:12,0
LF:15
LH:0
end_of_record
TN:
SF:src/util/token.ts
FNF:2
FNH:1
DA:1,45
DA:2,0
DA:3,0
DA:4,0
DA:5,2
LF:8
LH:2
end_of_record
TN:
SF:src/util/wildcard.ts
FNF:5
FNH:3
DA:1,38
DA:3,53
DA:4,44
DA:5,25
DA:6,6
DA:7,8
DA:8,37
DA:9,21
DA:10,22
DA:11,5
DA:12,3
DA:13,6
DA:14,24
DA:17,45
DA:18,78
DA:19,27
DA:20,45
DA:21,35
DA:22,23
DA:23,8
DA:24,0
DA:25,4
DA:26,15
LF:29
LH:22
end_of_record
TN:
SF:test/fixture/fixture.ts
FNF:4
FNH:4
DA:1,26
DA:2,25
DA:3,29
DA:10,17
DA:11,97
DA:12,39
DA:13,60
DA:14,47
DA:15,21
DA:16,33
DA:17,40
DA:18,45
DA:20,18
DA:21,7
DA:22,4
DA:23,13
LF:25
LH:16
end_of_record
TN:
SF:test/preload.ts
FNF:2
FNH:0
DA:1,38
DA:2,56
DA:5,11
DA:6,15
DA:7,12
DA:8,15
DA:9,3
DA:12,19
DA:16,60
DA:19,0
DA:22,3
DA:25,0
DA:27,2
LF:28
LH:11
end_of_record
TN:
SF:test/utils/test-helpers.ts
FNF:20
FNH:17
DA:1,120
DA:2,66
DA:3,66
DA:4,130
DA:5,82
DA:25,54
DA:26,130
DA:28,58
DA:29,22
DA:30,112
DA:31,21
DA:32,84
DA:36,56
DA:42,81
DA:43,24
DA:44,146
DA:45,46
DA:46,62
DA:47,22
DA:48,6
DA:54,95
DA:55,78
DA:56,180
DA:57,92
DA:58,34
DA:64,87
DA:65,18
DA:66,30
DA:67,57
DA:68,38
DA:69,55
DA:70,136
DA:71,86
DA:72,47
DA:73,31
DA:74,107
DA:76,10
DA:83,79
DA:84,56
DA:85,84
DA:86,22
DA:87,63
DA:88,14
DA:89,55
DA:91,8
DA:97,48
DA:98,28
DA:99,34
DA:100,28
DA:101,32
DA:102,10
DA:108,45
DA:109,26
DA:110,0
DA:111,0
DA:112,0
DA:113,0
DA:114,0
DA:115,0
DA:116,0
DA:117,0
DA:118,0
DA:119,0
DA:120,0
DA:121,0
DA:122,0
DA:123,0
DA:124,0
DA:125,0
DA:126,0
DA:127,0
DA:128,0
DA:129,26
DA:131,2
DA:136,46
DA:137,8
DA:138,31
DA:139,6
DA:140,68
DA:141,26
DA:143,81
DA:144,44
DA:145,5
DA:147,64
DA:148,62
DA:149,88
DA:151,84
DA:157,93
DA:158,123
DA:159,94
DA:160,4
LF:162
LH:72
end_of_record
TN:
SF:../sdk/js/src/client.ts
FNF:1
FNH:0
DA:1,35
DA:2,26
DA:4,58
DA:6,50
DA:8,0
DA:9,0
LF:12
LH:4
end_of_record
TN:
SF:../sdk/js/src/gen/client.gen.ts
FNF:1
FNH:1
DA:4,63
DA:18,34
DA:19,16
DA:20,33
DA:21,1
DA:22,2
LF:23
LH:6
end_of_record
TN:
SF:../sdk/js/src/gen/client/client.gen.ts
FNF:8
FNH:2
DA:3,66
DA:5,137
DA:20,46
DA:21,53
DA:23,20
DA:25,0
DA:26,0
DA:27,3
DA:30,44
DA:32,0
DA:33,0
DA:34,0
DA:35,0
DA:36,0
DA:37,0
DA:38,0
DA:39,0
DA:40,0
DA:41,0
DA:42,0
DA:43,0
DA:44,0
DA:45,0
DA:46,0
DA:47,0
DA:48,0
DA:49,0
DA:50,0
DA:51,0
DA:52,0
DA:53,0
DA:54,0
DA:55,0
DA:56,0
DA:57,0
DA:58,0
DA:59,0
DA:60,0
DA:61,0
DA:62,0
DA:63,3
DA:66,0
DA:67,0
DA:68,0
DA:69,0
DA:70,0
DA:71,0
DA:72,0
DA:73,0
DA:74,0
DA:75,0
DA:76,0
DA:77,0
DA:78,0
DA:79,0
DA:80,0
DA:81,0
DA:82,0
DA:83,0
DA:84,0
DA:85,0
DA:86,0
DA:87,0
DA:88,0
DA:89,0
DA:90,0
DA:91,0
DA:92,0
DA:93,0
DA:94,0
DA:95,0
DA:96,0
DA:97,0
DA:98,0
DA:99,0
DA:100,0
DA:101,0
DA:102,0
DA:103,0
DA:104,0
DA:105,0
DA:106,0
DA:107,0
DA:108,0
DA:109,0
DA:110,0
DA:111,0
DA:112,0
DA:113,0
DA:114,0
DA:115,0
DA:116,0
DA:117,0
DA:118,0
DA:119,0
DA:120,0
DA:121,0
DA:122,0
DA:123,0
DA:124,0
DA:125,0
DA:126,0
DA:127,0
DA:128,0
DA:129,0
DA:130,0
DA:131,0
DA:132,0
DA:133,0
DA:134,0
DA:135,0
DA:136,0
DA:137,0
DA:138,0
DA:139,0
DA:140,0
DA:141,0
DA:142,0
DA:143,0
DA:144,0
DA:145,0
DA:146,0
DA:147,0
DA:148,0
DA:149,0
DA:150,0
DA:151,0
DA:152,0
DA:153,0
DA:154,0
DA:155,0
DA:156,0
DA:157,0
DA:158,0
DA:159,0
DA:160,0
DA:161,0
DA:162,0
DA:163,0
DA:164,0
DA:165,0
DA:166,0
DA:167,0
DA:168,0
DA:169,0
DA:170,0
DA:171,0
DA:172,0
DA:173,0
DA:174,0
DA:175,0
DA:176,0
DA:177,0
DA:178,3
DA:181,35
DA:182,15
DA:183,0
DA:184,0
DA:185,0
DA:186,0
DA:187,0
DA:188,0
DA:189,0
DA:190,0
DA:191,5
DA:193,12
DA:196,12
DA:197,13
DA:198,35
DA:199,33
DA:200,27
DA:201,14
DA:202,29
DA:203,17
DA:204,35
DA:205,31
DA:206,29
DA:207,27
DA:208,12
DA:209,14
DA:210,28
DA:211,2
LF:213
LH:29
end_of_record
TN:
SF:../sdk/js/src/gen/client/index.ts
FNF:1
FNH:1
DA:5,124
DA:10,58
DA:11,47
DA:25,59
LF:26
LH:4
end_of_record
TN:
SF:../sdk/js/src/gen/client/utils.gen.ts
FNF:17
FNH:6
DA:3,102
DA:5,134
DA:6,230
DA:7,92
DA:10,163
DA:11,0
DA:12,0
DA:13,0
DA:14,0
DA:15,0
DA:16,0
DA:17,0
DA:18,0
DA:19,0
DA:20,0
DA:21,0
DA:22,0
DA:23,0
DA:24,0
DA:25,0
DA:26,0
DA:27,0
DA:28,0
DA:29,0
DA:30,0
DA:31,0
DA:32,0
DA:33,0
DA:34,0
DA:35,0
DA:36,0
DA:37,0
DA:38,0
DA:39,0
DA:40,0
DA:41,0
DA:42,0
DA:43,0
DA:44,0
DA:45,0
DA:46,0
DA:47,0
DA:48,0
DA:49,0
DA:50,0
DA:51,33
DA:53,50
DA:59,0
DA:60,0
DA:61,0
DA:62,0
DA:63,0
DA:64,0
DA:65,0
DA:66,0
DA:67,0
DA:68,0
DA:69,0
DA:70,0
DA:71,0
DA:72,0
DA:73,0
DA:74,0
DA:75,0
DA:76,0
DA:77,0
DA:78,0
DA:79,0
DA:80,0
DA:81,0
DA:82,0
DA:83,0
DA:84,0
DA:85,0
DA:86,0
DA:87,0
DA:88,12
DA:91,0
DA:92,0
DA:93,0
DA:94,0
DA:95,0
DA:96,0
DA:97,0
DA:98,0
DA:99,0
DA:100,0
DA:101,0
DA:102,0
DA:103,18
DA:106,0
DA:107,0
DA:108,0
DA:109,0
DA:110,0
DA:111,0
DA:112,0
DA:113,0
DA:114,0
DA:115,0
DA:116,0
DA:117,0
DA:118,0
DA:119,0
DA:120,0
DA:121,0
DA:122,0
DA:123,0
DA:124,0
DA:125,0
DA:126,0
DA:127,0
DA:128,0
DA:129,0
DA:130,0
DA:131,0
DA:132,0
DA:133,0
DA:134,0
DA:135,0
DA:136,0
DA:137,0
DA:138,0
DA:139,0
DA:140,0
DA:141,6
DA:144,0
DA:145,0
DA:146,0
DA:147,0
DA:148,0
DA:149,0
DA:150,0
DA:151,0
DA:152,0
DA:153,17
DA:154,5
DA:156,79
DA:157,64
DA:158,74
DA:159,74
DA:160,5
DA:161,108
DA:162,32
DA:165,91
DA:166,72
DA:167,69
DA:168,99
DA:169,26
DA:170,9
DA:172,163
DA:174,87
DA:175,48
DA:176,32
DA:177,73
DA:178,34
DA:179,37
DA:180,7
DA:181,80
DA:184,152
DA:185,10
DA:186,5
DA:187,5
DA:188,46
DA:203,1
DA:205,27
DA:206,38
DA:209,0
DA:210,21
DA:213,0
DA:214,0
DA:215,0
DA:216,0
DA:217,40
DA:220,0
DA:221,0
DA:222,32
DA:225,0
DA:226,0
DA:227,0
DA:228,0
DA:229,7
DA:232,0
DA:233,0
DA:234,0
DA:235,0
DA:236,0
DA:237,0
DA:238,24
DA:242,0
DA:243,0
DA:244,33
DA:246,2
DA:257,85
DA:258,52
DA:259,56
DA:260,54
DA:261,5
DA:263,110
DA:264,46
DA:265,24
DA:266,36
DA:267,30
DA:268,8
DA:269,26
DA:270,36
DA:271,42
DA:272,4
DA:273,6
DA:275,50
DA:276,70
DA:277,4
DA:279,55
DA:280,38
DA:281,12
DA:282,42
DA:283,52
DA:284,36
DA:285,90
DA:286,18
DA:287,4
LF:288
LH:77
end_of_record
TN:
SF:../sdk/js/src/gen/core/auth.gen.ts
FNF:1
FNH:0
DA:22,0
DA:23,0
DA:24,0
DA:25,0
DA:26,0
DA:27,0
DA:28,0
DA:29,0
DA:30,0
DA:31,0
DA:32,0
DA:33,0
DA:34,0
DA:35,0
DA:36,0
DA:37,0
DA:38,0
DA:39,0
DA:40,1
LF:42
LH:1
end_of_record
TN:
SF:../sdk/js/src/gen/core/bodySerializer.gen.ts
FNF:5
FNH:0
DA:15,0
DA:16,0
DA:17,0
DA:18,0
DA:19,0
DA:20,0
DA:21,2
DA:25,0
DA:26,0
DA:27,0
DA:28,0
DA:29,2
DA:33,40
DA:34,0
DA:35,0
DA:36,0
DA:37,0
DA:38,0
DA:39,0
DA:40,0
DA:41,0
DA:42,0
DA:43,0
DA:44,0
DA:45,0
DA:46,0
DA:47,0
DA:48,1
DA:50,2
DA:52,36
DA:53,0
DA:54,1
DA:55,2
DA:57,47
DA:58,0
DA:59,0
DA:60,0
DA:61,0
DA:62,0
DA:63,0
DA:64,0
DA:65,0
DA:66,0
DA:67,0
DA:68,0
DA:69,0
DA:70,0
DA:71,0
DA:72,1
DA:74,1
LF:75
LH:11
end_of_record
TN:
SF:../sdk/js/src/gen/core/params.gen.ts
FNF:3
FNH:0
DA:34,27
DA:35,17
DA:36,23
DA:37,17
DA:38,17
DA:39,2
DA:40,55
DA:50,0
DA:51,0
DA:52,0
DA:53,0
DA:54,0
DA:55,0
DA:56,0
DA:57,0
DA:58,0
DA:59,0
DA:60,0
DA:61,0
DA:62,0
DA:63,0
DA:64,0
DA:65,0
DA:66,0
DA:67,0
DA:68,2
DA:78,0
DA:79,0
DA:80,0
DA:81,0
DA:82,0
DA:83,2
DA:86,0
DA:87,0
DA:88,0
DA:89,0
DA:90,0
DA:91,0
DA:92,0
DA:93,0
DA:94,0
DA:95,0
DA:96,0
DA:97,0
DA:98,0
DA:99,0
DA:100,0
DA:101,0
DA:102,0
DA:103,0
DA:104,0
DA:105,0
DA:106,0
DA:107,0
DA:108,0
DA:109,0
DA:110,0
DA:111,0
DA:112,0
DA:113,0
DA:114,0
DA:115,0
DA:116,0
DA:117,0
DA:118,0
DA:119,0
DA:120,0
DA:121,0
DA:122,0
DA:123,0
DA:124,0
DA:125,0
DA:126,0
DA:127,0
DA:128,0
DA:129,0
DA:130,0
DA:131,0
DA:132,0
DA:133,0
DA:134,0
DA:135,0
DA:136,0
DA:137,0
DA:138,0
DA:139,0
DA:140,0
DA:141,0
DA:142,0
DA:143,1
LF:145
LH:10
end_of_record
TN:
SF:../sdk/js/src/gen/core/pathSerializer.gen.ts
FNF:6
FNH:0
DA:28,0
DA:29,0
DA:30,0
DA:31,0
DA:32,0
DA:33,0
DA:34,0
DA:35,0
DA:36,0
DA:37,2
DA:41,0
DA:42,0
DA:43,0
DA:44,0
DA:45,0
DA:46,0
DA:47,0
DA:48,0
DA:49,0
DA:50,2
DA:54,0
DA:55,0
DA:56,0
DA:57,0
DA:58,0
DA:59,0
DA:60,0
DA:61,0
DA:62,0
DA:63,2
DA:67,0
DA:68,0
DA:69,0
DA:70,0
DA:71,0
DA:72,0
DA:73,0
DA:74,0
DA:75,0
DA:76,0
DA:77,0
DA:78,0
DA:79,0
DA:80,0
DA:81,0
DA:82,0
DA:83,0
DA:84,0
DA:85,0
DA:86,0
DA:87,0
DA:88,0
DA:89,0
DA:90,0
DA:91,0
DA:92,0
DA:93,0
DA:94,0
DA:95,0
DA:96,0
DA:97,0
DA:98,0
DA:99,0
DA:100,0
DA:101,0
DA:102,0
DA:103,0
DA:104,0
DA:105,0
DA:106,2
DA:109,0
DA:110,0
DA:111,0
DA:112,0
DA:113,0
DA:114,0
DA:115,0
DA:116,0
DA:117,0
DA:118,0
DA:119,0
DA:120,2
DA:123,0
DA:124,0
DA:125,0
DA:126,0
DA:127,0
DA:128,0
DA:129,0
DA:130,0
DA:131,0
DA:132,0
DA:133,0
DA:134,0
DA:135,0
DA:136,0
DA:137,0
DA:138,0
DA:139,0
DA:140,0
DA:141,0
DA:142,0
DA:143,0
DA:144,0
DA:145,0
DA:146,0
DA:147,0
DA:148,0
DA:149,0
DA:150,0
DA:151,0
DA:152,0
DA:153,0
DA:154,0
DA:155,0
DA:156,0
DA:157,0
DA:158,0
DA:159,0
DA:160,0
DA:161,0
DA:162,0
DA:163,0
DA:164,0
DA:165,0
DA:166,1
LF:168
LH:6
end_of_record
TN:
SF:../sdk/js/src/gen/core/serverSentEvents.gen.ts
FNF:1
FNH:0
DA:66,0
DA:67,0
DA:68,0
DA:69,0
DA:70,0
DA:71,0
DA:72,0
DA:73,0
DA:74,0
DA:75,0
DA:76,0
DA:77,0
DA:78,0
DA:79,0
DA:80,0
DA:81,0
DA:82,0
DA:83,0
DA:84,0
DA:85,0
DA:86,0
DA:87,0
DA:88,0
DA:89,0
DA:90,0
DA:91,0
DA:92,0
DA:93,0
DA:94,0
DA:95,0
DA:96,0
DA:97,0
DA:98,0
DA:99,0
DA:100,0
DA:101,0
DA:102,0
DA:103,0
DA:104,0
DA:105,0
DA:106,0
DA:107,0
DA:108,0
DA:109,0
DA:110,0
DA:111,0
DA:112,0
DA:113,0
DA:114,0
DA:115,0
DA:116,0
DA:117,0
DA:118,0
DA:119,0
DA:120,0
DA:121,0
DA:122,0
DA:123,0
DA:124,0
DA:125,0
DA:126,0
DA:127,0
DA:128,0
DA:129,0
DA:130,0
DA:131,0
DA:132,0
DA:133,0
DA:134,0
DA:135,0
DA:136,0
DA:137,0
DA:138,0
DA:139,0
DA:140,0
DA:141,0
DA:142,0
DA:143,0
DA:144,0
DA:145,0
DA:146,0
DA:147,0
DA:148,0
DA:149,0
DA:150,0
DA:151,0
DA:152,0
DA:153,0
DA:154,0
DA:155,0
DA:156,0
DA:157,0
DA:158,0
DA:159,0
DA:160,0
DA:161,0
DA:162,0
DA:163,0
DA:164,0
DA:165,0
DA:166,0
DA:167,0
DA:168,0
DA:169,0
DA:170,0
DA:171,0
DA:172,0
DA:173,0
DA:174,0
DA:175,0
DA:176,0
DA:177,0
DA:178,0
DA:179,0
DA:180,0
DA:181,0
DA:182,0
DA:183,0
DA:184,0
DA:185,0
DA:186,0
DA:187,0
DA:188,0
DA:189,0
DA:190,0
DA:191,0
DA:192,0
DA:193,0
DA:194,0
DA:195,0
DA:196,0
DA:197,0
DA:198,0
DA:199,0
DA:200,0
DA:201,0
DA:202,0
DA:203,0
DA:204,0
DA:205,0
DA:206,0
DA:207,0
DA:208,0
DA:209,1
LF:211
LH:1
end_of_record
TN:
SF:../sdk/js/src/gen/core/utils.gen.ts
FNF:2
FNH:0
DA:4,111
DA:16,43
DA:18,0
DA:19,0
DA:20,0
DA:21,0
DA:22,0
DA:23,0
DA:24,0
DA:25,0
DA:26,0
DA:27,0
DA:28,0
DA:29,0
DA:30,0
DA:31,0
DA:32,0
DA:33,0
DA:34,0
DA:35,0
DA:36,0
DA:37,0
DA:38,0
DA:39,0
DA:40,0
DA:41,0
DA:42,0
DA:43,0
DA:44,0
DA:45,0
DA:46,0
DA:47,0
DA:48,0
DA:49,0
DA:50,0
DA:51,0
DA:52,0
DA:53,0
DA:54,0
DA:55,0
DA:56,0
DA:57,0
DA:58,0
DA:59,0
DA:60,0
DA:61,0
DA:62,0
DA:63,0
DA:64,0
DA:65,0
DA:66,0
DA:67,0
DA:68,0
DA:69,0
DA:70,0
DA:71,0
DA:72,0
DA:73,0
DA:74,0
DA:75,0
DA:76,0
DA:77,0
DA:78,0
DA:79,0
DA:80,2
DA:83,0
DA:84,0
DA:85,0
DA:86,0
DA:87,0
DA:88,0
DA:89,0
DA:90,0
DA:91,0
DA:92,0
DA:93,0
DA:94,0
DA:95,0
DA:96,0
DA:97,0
DA:98,0
DA:99,0
DA:100,0
DA:101,0
DA:102,0
DA:103,0
DA:104,0
DA:105,0
DA:106,0
DA:107,0
DA:108,1
LF:110
LH:4
end_of_record
TN:
SF:../sdk/js/src/gen/sdk.gen.ts
FNF:52
FNH:0
DA:111,116
DA:130,0
DA:131,36
DA:133,0
DA:134,0
DA:135,0
DA:136,6
DA:138,2
DA:140,75
DA:144,0
DA:145,0
DA:146,0
DA:147,0
DA:148,9
DA:154,0
DA:155,0
DA:156,0
DA:157,0
DA:158,8
DA:160,2
DA:162,73
DA:166,0
DA:167,0
DA:168,0
DA:169,0
DA:170,9
DA:176,0
DA:177,0
DA:178,0
DA:179,0
DA:180,0
DA:181,0
DA:182,0
DA:183,0
DA:184,9
DA:190,0
DA:191,0
DA:192,0
DA:193,0
DA:194,8
DA:196,2
DA:198,69
DA:202,0
DA:203,0
DA:204,0
DA:205,0
DA:206,9
DA:212,0
DA:213,0
DA:214,0
DA:215,0
DA:216,8
DA:218,2
DA:220,69
DA:224,0
DA:225,0
DA:226,0
DA:227,0
DA:228,8
DA:230,2
DA:232,75
DA:236,0
DA:237,0
DA:238,0
DA:239,0
DA:240,9
DA:246,0
DA:247,0
DA:248,0
DA:249,0
DA:250,0
DA:251,0
DA:252,0
DA:253,0
DA:254,9
DA:260,0
DA:261,0
DA:262,0
DA:263,0
DA:264,9
DA:270,0
DA:271,0
DA:272,0
DA:273,0
DA:274,9
DA:280,0
DA:281,0
DA:282,0
DA:283,0
DA:284,0
DA:285,0
DA:286,0
DA:287,0
DA:288,9
DA:294,0
DA:295,0
DA:296,0
DA:297,0
DA:298,9
DA:304,0
DA:305,0
DA:306,0
DA:307,0
DA:308,9
DA:314,0
DA:315,0
DA:316,0
DA:317,0
DA:318,0
DA:319,0
DA:320,0
DA:321,0
DA:322,9
DA:328,0
DA:329,0
DA:330,0
DA:331,0
DA:332,0
DA:333,0
DA:334,0
DA:335,0
DA:336,9
DA:342,0
DA:343,0
DA:344,0
DA:345,0
DA:346,9
DA:352,0
DA:353,0
DA:354,0
DA:355,0
DA:356,9
DA:362,0
DA:363,0
DA:364,0
DA:365,0
DA:366,9
DA:372,0
DA:373,0
DA:374,0
DA:375,0
DA:376,0
DA:377,0
DA:378,0
DA:379,0
DA:380,9
DA:386,0
DA:387,0
DA:388,0
DA:389,0
DA:390,9
DA:396,0
DA:397,0
DA:398,0
DA:399,0
DA:400,0
DA:401,0
DA:402,0
DA:403,0
DA:404,9
DA:410,0
DA:411,0
DA:412,0
DA:413,0
DA:414,9
DA:420,0
DA:421,0
DA:422,0
DA:423,0
DA:424,0
DA:425,0
DA:426,0
DA:427,0
DA:428,9
DA:434,0
DA:435,0
DA:436,0
DA:437,0
DA:438,0
DA:439,0
DA:440,0
DA:441,0
DA:442,9
DA:448,0
DA:449,0
DA:450,0
DA:451,0
DA:452,0
DA:453,0
DA:454,0
DA:455,0
DA:456,9
DA:462,0
DA:463,0
DA:464,0
DA:465,0
DA:466,8
DA:468,2
DA:470,75
DA:474,0
DA:475,0
DA:476,0
DA:477,0
DA:478,8
DA:480,2
DA:482,69
DA:486,0
DA:487,0
DA:488,0
DA:489,0
DA:490,9
DA:496,0
DA:497,0
DA:498,0
DA:499,0
DA:500,9
DA:506,0
DA:507,0
DA:508,0
DA:509,0
DA:510,8
DA:512,2
DA:514,69
DA:518,0
DA:519,0
DA:520,0
DA:521,0
DA:522,9
DA:528,0
DA:529,0
DA:530,0
DA:531,0
DA:532,9
DA:538,0
DA:539,0
DA:540,0
DA:541,0
DA:542,8
DA:544,2
DA:546,67
DA:550,0
DA:551,0
DA:552,0
DA:553,0
DA:554,0
DA:555,0
DA:556,0
DA:557,0
DA:558,9
DA:564,0
DA:565,0
DA:566,0
DA:567,0
DA:568,8
DA:570,2
DA:572,67
DA:576,0
DA:577,0
DA:578,0
DA:579,0
DA:580,8
DA:582,2
DA:584,67
DA:588,0
DA:589,0
DA:590,0
DA:591,0
DA:592,0
DA:593,0
DA:594,0
DA:595,0
DA:596,9
DA:602,0
DA:603,0
DA:604,0
DA:605,0
DA:606,9
DA:612,0
DA:613,0
DA:614,0
DA:615,0
DA:616,9
DA:622,0
DA:623,0
DA:624,0
DA:625,0
DA:626,9
DA:632,0
DA:633,0
DA:634,0
DA:635,0
DA:636,9
DA:642,0
DA:643,0
DA:644,0
DA:645,0
DA:646,9
DA:652,0
DA:653,0
DA:654,0
DA:655,0
DA:656,9
DA:662,0
DA:663,0
DA:664,0
DA:665,0
DA:666,0
DA:667,0
DA:668,0
DA:669,0
DA:670,9
DA:676,0
DA:677,0
DA:678,0
DA:679,0
DA:680,0
DA:681,0
DA:682,0
DA:683,0
DA:684,8
DA:686,2
DA:688,69
DA:692,0
DA:693,0
DA:694,0
DA:695,0
DA:696,0
DA:697,0
DA:698,0
DA:699,0
DA:700,8
DA:702,2
DA:704,71
DA:708,0
DA:709,0
DA:710,0
DA:711,0
DA:712,8
DA:714,2
DA:716,103
DA:720,0
DA:721,0
DA:722,0
DA:723,0
DA:724,0
DA:725,0
DA:726,0
DA:727,0
DA:728,0
DA:729,0
DA:730,10
DA:732,100
DA:733,96
DA:734,88
DA:735,88
DA:736,100
DA:737,100
DA:738,88
DA:739,88
DA:740,84
DA:741,84
DA:742,84
DA:743,88
DA:744,90
DA:745,1
LF:746
LH:95
end_of_record
TN:
SF:../sdk/js/src/gen/types.gen.ts
FNF:0
FNH:0
LF:2318
LH:0
end_of_record
TN:
SF:../sdk/js/src/index.ts
FNF:1
FNH:0
DA:1,28
DA:2,28
DA:4,51
DA:5,51
DA:8,0
DA:9,0
DA:10,0
DA:11,0
DA:12,0
DA:13,0
DA:14,0
DA:15,0
DA:16,0
DA:17,0
DA:18,0
DA:19,0
LF:22
LH:4
end_of_record
TN:
SF:../sdk/js/src/server.ts
FNF:2
FNH:0
DA:1,43
DA:21,0
DA:22,0
DA:23,0
DA:24,0
DA:25,0
DA:26,0
DA:27,0
DA:28,0
DA:29,0
DA:30,0
DA:31,0
DA:32,0
DA:33,0
DA:34,0
DA:35,0
DA:36,0
DA:37,0
DA:38,0
DA:39,0
DA:40,0
DA:41,0
DA:42,0
DA:43,0
DA:44,0
DA:45,0
DA:46,0
DA:47,0
DA:48,0
DA:49,0
DA:50,0
DA:51,0
DA:52,0
DA:53,0
DA:54,0
DA:55,0
DA:56,0
DA:57,0
DA:58,0
DA:59,0
DA:60,0
DA:61,0
DA:62,0
DA:63,0
DA:64,0
DA:65,0
DA:66,0
DA:67,0
DA:68,0
DA:69,0
DA:70,0
DA:71,0
DA:72,0
DA:73,0
DA:74,0
DA:75,0
DA:76,0
DA:77,0
DA:78,0
DA:79,0
DA:80,0
DA:81,0
DA:82,0
DA:83,0
DA:84,0
DA:85,0
DA:86,0
DA:87,1
DA:90,0
DA:91,0
DA:92,0
DA:93,0
DA:94,0
DA:95,0
DA:96,0
DA:97,0
DA:98,0
DA:99,0
DA:100,0
DA:101,0
DA:102,0
DA:103,0
DA:104,0
DA:105,0
DA:106,0
DA:107,0
DA:108,0
DA:109,0
DA:110,0
DA:111,0
DA:112,0
DA:113,0
DA:114,0
DA:115,0
DA:116,0
DA:117,0
DA:118,0
LF:121
LH:2
end_of_record
